[]  Dendrochronology Program Library                                        Run CHK01  Program COF  09:14  Thu 02 Aug 2018  Page   1
[]
[]  P R O G R A M      C O F E C H A                                                                          Version 6.06P    30531
------------------------------------------------------------------------------------------------------------------------------------

 QUALITY CONTROL AND DATING CHECK OF TREE-RING MEASUREMENTS                                                   COF12K.for

 File of DATED series:   sehthoc01.rwl

 CONTENTS:

    Part 1:  Title page, options selected, summary, absent rings by series
    Part 2:  Histogram of time spans
    Part 3:  Master series with sample depth and absent rings by year
    Part 4:  Bar plot of Master Dating Series
    Part 5:  Correlation by segment of each series with Master
    Part 6:  Potential problems: low correlation, divergent year-to-year changes, absent rings, outliers
    Part 7:  Descriptive statistics

 RUN CONTROL OPTIONS SELECTED                             VALUE

         1  Cubic smoothing spline 50% wavelength cutoff for filtering
                                                            32 years
         2  Segments examined are                           50 years lagged successively by  25 years
         3  Autoregressive model applied                     A  Residuals are used in master dating series and testing
         4  Series not transformed to logarithms             N
         5  CORRELATION is Pearson (parametric, quantitative)
            Critical correlation, 99% confidence level  0.3281
         6  Master dating series saved                       N
         7  Ring measurements listed                         N
         8  Parts printed                              1234567 
         9  Absent rings are omitted from master series and segment correlations  (Y)

 Time span of Master dating series is  1846 to  2018   173 years
 Continuous time span is               1846 to  2018   173 years
 Portion with two or more series is    1868 to  2018   151 years

 >> SEH041B1    2005 absent in   1 of   23 series, but is not usually narrow: master index is  0.827
 >> SEH041B1    2008 absent in   1 of   23 series, but is not usually narrow: master index is  0.193

                                        ****************************************
                                        *C* Number of dated series        23 *C*
                                        *O* Master series 1846 2018  173 yrs *O*
                                        *F* Total rings in all series   2399 *F*
                                        *E* Total dated rings checked   2377 *E*
                                        *C* Series intercorrelation    0.579 *C*
                                        *H* Average mean sensitivity   0.246 *H*
                                        *A* Segments, possible problems    4 *A*
                                        *** Mean length of series      104.0 ***
                                        ****************************************

 ABSENT RINGS listed by SERIES:            (See Master Dating Series for absent rings listed by year)

 SEH041B1    4 absent rings:   2005  2006  2007  2008

             4 absent rings   0.167%
PART 2:  TIME PLOT OF TREE-RING SERIES:                                                            09:14  Thu 02 Aug 2018  Page   2
------------------------------------------------------------------------------------------------------------------------------------
 1050 1100 1150 1200 1250 1300 1350 1400 1450 1500 1550 1600 1650 1700 1750 1800 1850 1900 1950 2000 2050 Ident   Seq Time-span  Yrs
   :    :    :    :    :    :    :    :    :    :    :    :    :    :    :    :    :    :    :    :    : -------- --- ---- ---- ----
   .    .    .    .    .    .    .    .    .    .    .    .    .    .    .    .    .    .    . <===>   . SEH009A1   1 1970 2018   49
   .    .    .    .    .    .    .    .    .    .    .    .    .    .    .    .    .    .  <=======>   . SEH009B1   2 1930 2018   89
   .    .    .    .    .    .    .    .    .    .    .    .    .    .    .    .    .    .  <=======>   . SEH016A1   3 1935 2018   84
   .    .    .    .    .    .    .    .    .    .    .    .    .    .    .    .    .    .  <=======>   . SEH016B1   4 1938 2018   81
   .    .    .    .    .    .    .    .    .    .    .    .    .    .    .    .    .    . <========>   . SEH016C1   5 1924 2018   95
   .    .    .    .    .    .    .    .    .    .    .    .    .    .    .    .    . <=============>   . SEH025A1   6 1872 2018  147
   .    .    .    .    .    .    .    .    .    .    .    .    .    .    .    .   <================>   . SEH025B1   7 1846 2018  173
   .    .    .    .    .    .    .    .    .    .    .    .    .    .    .    .    .    . <========>   . SEH030A1   8 1925 2018   94
   .    .    .    .    .    .    .    .    .    .    .    .    .    .    .    .    .    . <========>   . SEH030B1   9 1921 2018   98
   .    .    .    .    .    .    .    .    .    .    .    .    .    .    .    .    .    .  <=======>   . SEH031A1  10 1937 2018   82
   .    .    .    .    .    .    .    .    .    .    .    .    .    .    .    .    .    . <========>   . SEH031BB  11 1923 2018   96
   .    .    .    .    .    .    .    .    .    .    .    .    .    .    .    .    .    . <========>   . SEH033A1  12 1920 2018   99
   .    .    .    .    .    .    .    .    .    .    .    .    .    .    .    .    .<==============>   . SEH033B1  13 1868 2018  151
   .    .    .    .    .    .    .    .    .    .    .    .    .    .    .    .    .    . <========>   . SEH034A1  14 1922 2018   97
   .    .    .    .    .    .    .    .    .    .    .    .    .    .    .    .    .    .  <=======>   . SEH034B1  15 1937 2018   82
   .    .    .    .    .    .    .    .    .    .    .    .    .    .    .    .    . <=============>   . SEH041A1  16 1878 2018  141
   .    .    .    .    .    .    .    .    .    .    .    .    .    .    .    .    .<==============>   . SEH041B1  17 1869 2018  150
   .    .    .    .    .    .    .    .    .    .    .    .    .    .    .    .    .    .   <======>   . SEH052A1  18 1944 2018   75
   .    .    .    .    .    .    .    .    .    .    .    .    .    .    .    .    .    . <========>   . SEH052B1  19 1928 2018   91
   .    .    .    .    .    .    .    .    .    .    .    .    .    .    .    .    .    .   <======>   . SEH053A1  20 1946 2018   73
   .    .    .    .    .    .    .    .    .    .    .    .    .    .    .    .    .    .  <=======>   . SEH053B1  21 1935 2018   84
   .    .    .    .    .    .    .    .    .    .    .    .    .    .    .    .    .  <============>   . SEH057A1  22 1888 2018  131
   .    .    .    .    .    .    .    .    .    .    .    .    .    .    .    .    .  <============>   . SEH057B1  23 1882 2018  137
   :    :    :    :    :    :    :    :    :    :    :    :    :    :    :    :    :    :    :    :    :
 1050 1100 1150 1200 1250 1300 1350 1400 1450 1500 1550 1600 1650 1700 1750 1800 1850 1900 1950 2000 2050
PART 3:  Master Dating Series:                                                                     09:14  Thu 02 Aug 2018  Page   3
------------------------------------------------------------------------------------------------------------------------------------
  Year  Value  No Ab    Year  Value  No Ab    Year  Value  No Ab    Year  Value  No Ab    Year  Value  No Ab    Year  Value  No Ab
  ------------------    ------------------    ------------------    ------------------    ------------------    ------------------
                        1850 -0.137   1       1900  0.246   7       1950 -0.710  22       2000 -0.089  23
                        1851  0.016   1       1901  0.384   7       1951 -0.516  22       2001  0.667  23
                        1852 -2.414   1       1902  0.070   7       1952 -0.992  22       2002 -1.350  23
                        1853  0.696   1       1903  0.598   7       1953 -0.463  22       2003  0.208  23
                        1854 -0.871   1       1904  0.818   7       1954 -0.728  22       2004  1.238  23
                        1855 -1.586   1       1905  0.394   7       1955  0.262  22       2005  0.827  23  1<<
                        1856 -0.586   1       1906  1.307   7       1956 -0.866  22       2006 -1.175  23  1
                        1857 -0.165   1       1907 -0.996   7       1957  0.775  22       2007 -0.448  23  1
                        1858  1.124   1       1908  0.638   7       1958  1.268  22       2008  0.193  23  1<<
                        1859  1.885   1       1909 -0.996   7       1959  2.144  22       2009  0.104  23

                        1860 -1.238   1       1910  0.692   7       1960  0.355  22       2010  0.020  23
                        1861 -1.415   1       1911 -1.856   7       1961  0.121  22       2011 -0.319  23
                        1862 -1.893   1       1912 -1.601   7       1962 -0.489  22       2012  0.774  23
                        1863 -1.930   1       1913 -0.766   7       1963 -0.274  22       2013 -0.058  23
                        1864 -2.175   1       1914 -1.122   7       1964  0.070  22       2014  0.527  23
                        1865 -0.456   1       1915  0.739   7       1965 -0.099  22       2015  0.882  23
                        1866  0.431   1       1916  1.143   7       1966 -1.447  22       2016  0.725  23
                        1867 -1.160   1       1917  0.156   7       1967 -2.233  22       2017  0.708  23
                        1868 -0.269   2       1918  1.784   7       1968 -0.421  22       2018 -2.016  23
                        1869 -0.476   3       1919 -0.361   7       1969  0.929  22

                        1870 -0.141   3       1920  1.291   8       1970 -0.086  23
                        1871  0.365   3       1921  1.604   9       1971  0.625  23
                        1872  1.305   4       1922  0.909  10       1972  1.204  23
                        1873  1.225   4       1923  1.339  11       1973  1.397  23
                        1874 -1.044   4       1924 -0.631  12       1974  0.956  23
                        1875 -0.143   4       1925 -1.110  13       1975 -0.777  23
                        1876 -0.424   4       1926 -1.036  13       1976 -0.431  23
                        1877  1.999   4       1927 -0.925  13       1977 -1.178  23
                        1878  1.916   5       1928 -0.825  14       1978 -0.002  23
                        1879 -0.613   5       1929 -0.301  14       1979  0.799  23

                        1880 -0.007   5       1930  0.392  15       1980 -0.797  23
                        1881 -0.147   5       1931  0.841  15       1981  0.180  23
                        1882 -0.646   6       1932  0.603  15       1982 -0.430  23
                        1883 -0.443   6       1933 -0.172  15       1983 -0.287  23
                        1884 -0.496   6       1934 -0.898  15       1984 -1.054  23
                        1885 -0.966   6       1935  0.027  17       1985  1.170  23
                        1886  1.614   6       1936 -0.722  17       1986  0.372  23
                        1887 -0.291   6       1937 -1.536  19       1987  0.309  23
                        1888  0.035   7       1938  0.281  20       1988 -0.989  23
                        1889  2.246   7       1939  0.063  20       1989  0.692  23

                        1890 -0.073   7       1940  1.089  20       1990  1.649  23
                        1891  0.090   7       1941 -0.221  20       1991 -0.327  23
                        1892  0.097   7       1942  1.098  20       1992 -0.521  23
                        1893 -1.297   7       1943  0.207  20       1993  2.154  23
                        1894 -0.282   7       1944 -0.105  21       1994 -1.073  23
                        1895 -1.245   7       1945  1.462  21       1995 -0.124  23
  1846  3.086   1       1896 -1.055   7       1946  1.599  22       1996 -0.942  23
  1847  1.402   1       1897 -0.263   7       1947  0.439  22       1997 -0.568  23
  1848  0.519   1       1898 -0.440   7       1948 -1.155  22       1998  0.831  23
  1849  0.250   1       1899  1.491   7       1949 -0.691  22       1999 -0.050  23
------------------------------------------------------------------------------------------------------------------------------------
PART 4:  Master Bar Plot:                                                                          09:14  Thu 02 Aug 2018  Page   4
------------------------------------------------------------------------------------------------------------------------------------
   Year Rel value  Year Rel value  Year Rel value  Year Rel value  Year Rel value  Year Rel value  Year Rel value  Year Rel value
                   1850-----a      1900------A     1950--c         2000-----@
                   1851-----@      1901-------B    1951---b        2001--------C
                   1852j           1902------@     1952-d          2002e
                   1853--------C   1903-------B    1953---b        2003------A
                   1854--c         1904--------C   1954--c         2004---------E
                   1855f           1905-------B    1955------A     2005--------C
                   1856---b        1906---------E  1956--c         2006-e
                   1857-----a      1907-d          1957--------C   2007---b
                   1858---------D  1908--------C   1958---------E  2008------A
                   1859----------H 1909-d          1959----------I 2009------@
                   1860-e          1910--------C   1960-------A    2010-----@
                   1861f           1911g           1961------@     2011----a
                   1862h           1912f           1962---b        2012--------C
                   1863h           1913--c         1963----a       2013-----@
                   1864i           1914-d          1964------@     2014-------B
                   1865---b        1915--------C   1965-----@      2015--------D
                   1866-------B    1916---------E  1966f           2016--------C
                   1867-e          1917------A     1967i           2017--------C
                   1868----a       1918----------G 1968---b        2018h
                   1869---b        1919----a       1969--------D
                   1870-----a      1920---------E  1970-----@
                   1871-------A    1921----------F 1971--------B
                   1872---------E  1922--------D   1972---------E
                   1873---------E  1923---------E  1973---------F
                   1874-d          1924--c         1974--------D
                   1875-----a      1925-d          1975--c
                   1876---b        1926-d          1976---b
                   1877----------H 1927-d          1977-e
                   1878----------H 1928--c         1978-----@
                   1879---b        1929----a       1979--------C
                   1880-----@      1930-------B    1980--c
                   1881-----a      1931--------C   1981------A
                   1882--c         1932-------B    1982---b
                   1883---b        1933-----a      1983----a
                   1884---b        1934--d         1984-d
                   1885-d          1935-----@      1985---------E
                   1886----------F 1936--c         1986-------A
                   1887----a       1937f           1987-------A
                   1888-----@      1938------A     1988-d
                   1889----------I 1939------@     1989--------C
                   1890-----@      1940---------D  1990----------G
                   1891------@     1941----a       1991----a
                   1892------@     1942---------D  1992---b
                   1893-e          1943------A     1993----------I
                   1894----a       1944-----@      1994-d
                   1895-e          1945---------F  1995-----@
   1846----------L 1896-d          1946----------F 1996-d
   1847---------F  1897----a       1947-------B    1997---b
   1848-------B    1898---b        1948-e          1998--------C
   1849------A     1899---------F  1949--c         1999-----@
PART 5:  CORRELATION OF SERIES BY SEGMENTS:                                                        09:14  Thu 02 Aug 2018  Page   5
------------------------------------------------------------------------------------------------------------------------------------
 Correlations of  50-year dated segments, lagged  25 years
 Flags:  A = correlation under  0.3281 but highest as dated;  B = correlation higher at other than dated position

 Seq Series  Time_span   1850 1875 1900 1925 1950 1975
                         1899 1924 1949 1974 1999 2024
 --- -------- ---------  ---- ---- ---- ---- ---- ---- ---- ---- ---- ---- ---- ---- ---- ---- ---- ---- ---- ---- ---- ----
   1 SEH009A1 1970 2018                       .25A
   2 SEH009B1 1930 2018                  .44  .50  .44
   3 SEH016A1 1935 2018                  .51  .61  .45
   4 SEH016B1 1938 2018                  .65  .69  .66
   5 SEH016C1 1924 2018             .68  .67  .68  .56
   6 SEH025A1 1872 2018   .59  .59  .71  .56  .60  .72
   7 SEH025B1 1846 2018   .57  .65  .76  .54  .48  .56
   8 SEH030A1 1925 2018                  .61  .68  .50
   9 SEH030B1 1921 2018             .68  .61  .67  .61
  10 SEH031A1 1937 2018                  .70  .74  .69
  11 SEH031BB 1923 2018             .32A .29A .53  .61
  12 SEH033A1 1920 2018             .56  .59  .76  .72
  13 SEH033B1 1868 2018   .47  .48  .44  .50  .70  .76
  14 SEH034A1 1922 2018             .65  .67  .71  .70
  15 SEH034B1 1937 2018                  .76  .71  .66
  16 SEH041A1 1878 2018        .61  .61  .59  .61  .52
  17 SEH041B1 1869 2018   .49  .54  .55  .60  .72  .58
  18 SEH052A1 1944 2018                  .43  .43  .57
  19 SEH052B1 1928 2018                  .52  .63  .71
  20 SEH053A1 1946 2018                  .59  .56  .65
  21 SEH053B1 1935 2018                  .47  .24B .45
  22 SEH057A1 1888 2018        .59  .44  .40  .62  .61
  23 SEH057B1 1882 2018        .67  .65  .65  .64  .58
 Av segment correlation  0.53 0.59 0.59 0.56 0.60 0.61
PART 6:  POTENTIAL PROBLEMS:                                                                       09:14  Thu 02 Aug 2018  Page   5
------------------------------------------------------------------------------------------------------------------------------------

 For each series with potential problems the following diagnostics may appear:

 [A] Correlations with master dating series of flagged  50-year segments of series filtered with  32-year spline,
     at every point from ten years earlier (-10) to ten years later (+10) than dated

 [B] Effect of those data values which most lower or raise correlation with master series
     Symbol following year indicates value in series is greater (>) or lesser (<) than master series value

 [C] Year-to-year changes very different from the mean change in other series

 [D] Absent rings (zero values)

 [E] Values which are statistical outliers from mean for the year
====================================================================================================================================

 SEH009A1  1970 to  2018      49 years                                                                                    Series   1

 [A] Segment   High   -10   -9   -8   -7   -6   -5   -4   -3   -2   -1    0   +1   +2   +3   +4   +5   +6   +7   +8   +9  +10
    ---------  ----   ---  ---  ---  ---  ---  ---  ---  ---  ---  ---  ---  ---  ---  ---  ---  ---  ---  ---  ---  ---  ---
    1970 2018    0   -.13 -.25  .17 -.23 -.05  .14  .00 -.17  .04  .06  .25*   -    -    -    -    -    -    -    -    -    -

 [B] Entire series, effect on correlation ( 0.247) is:
       Lower   1984>-0.050   1978<-0.030   1976>-0.024   1989<-0.020   1990<-0.014   1981<-0.014  Higher   2002 0.032   1973 0.030
     1970 to 2018 segment:
       Lower   1984>-0.050   1978<-0.030   1976>-0.024   1989<-0.020   1990<-0.014   1981<-0.014  Higher   2002 0.032   1973 0.030

 [E] Outliers     1   3.0 SD above or -4.5 SD below mean for year
       1984 +3.1 SD
====================================================================================================================================

 SEH009B1  1930 to  2018      89 years                                                                                    Series   2

 [B] Entire series, effect on correlation ( 0.457) is:
       Lower   2004<-0.036   1940<-0.024   1988>-0.020   2006>-0.015   1972<-0.015   1954>-0.012  Higher   1993 0.037   1959 0.032

 [E] Outliers     1   3.0 SD above or -4.5 SD below mean for year
       1955 +3.8 SD
====================================================================================================================================

 SEH016A1  1935 to  2018      84 years                                                                                    Series   3

 [B] Entire series, effect on correlation ( 0.482) is:
       Lower   1946<-0.026   1956>-0.016   1982>-0.011   1935>-0.010   2015<-0.010   2012<-0.010  Higher   1959 0.030   1967 0.026

 [E] Outliers     1   3.0 SD above or -4.5 SD below mean for year
       2003 +3.3 SD
====================================================================================================================================

 SEH016B1  1938 to  2018      81 years                                                                                    Series   4

 [B] Entire series, effect on correlation ( 0.665) is:
       Lower   1987<-0.019   1942<-0.018   1982>-0.015   2009<-0.013   1999>-0.013   1956>-0.010  Higher   1994 0.019   1959 0.017

====================================================================================================================================

 SEH016C1  1924 to  2018      95 years                                                                                    Series   5

 [B] Entire series, effect on correlation ( 0.598) is:
       Lower   1998>-0.016   2012<-0.012   1946<-0.011   2001<-0.010   1932>-0.010   1983>-0.008  Higher   1959 0.022   1966 0.012

 [E] Outliers     2   3.0 SD above or -4.5 SD below mean for year
       1932 +3.4 SD;    1998 +4.8 SD
====================================================================================================================================

 SEH025A1  1872 to  2018     147 years                                                                                    Series   6

 [B] Entire series, effect on correlation ( 0.640) is:
       Lower   1972<-0.017   1875<-0.013   1923<-0.012   1891<-0.012   1969<-0.011   1906<-0.011  Higher   1993 0.012   2018 0.011

====================================================================================================================================

 SEH025B1  1846 to  2018     173 years                                                                                    Series   7

 [*] Early part of series cannot be checked from 1846 to 1867 -- not matched by another series

 [B] Entire series, effect on correlation ( 0.570) is:
       Lower   1964>-0.016   1951>-0.016   2003<-0.014   1958<-0.013   2005>-0.010   1986>-0.010  Higher   2018 0.015   1877 0.011

 [E] Outliers     4   3.0 SD above or -4.5 SD below mean for year
       1951 +3.5 SD;    1964 +4.2 SD;    1986 +3.7 SD;    2005 +3.6 SD
====================================================================================================================================

 SEH030A1  1925 to  2018      94 years                                                                                    Series   8

 [B] Entire series, effect on correlation ( 0.578) is:
       Lower   2006>-0.044   2012<-0.037   1973<-0.018   1996>-0.014   1938<-0.012   1945<-0.012  Higher   2018 0.025   1993 0.023

 [E] Outliers     1   3.0 SD above or -4.5 SD below mean for year
       2006 +3.9 SD
====================================================================================================================================

 SEH030B1  1921 to  2018      98 years                                                                                    Series   9

 [B] Entire series, effect on correlation ( 0.640) is:
       Lower   1984>-0.023   2004<-0.019   1973<-0.018   2014<-0.015   2013>-0.013   1942<-0.011  Higher   1993 0.022   2018 0.019

 [E] Outliers     2   3.0 SD above or -4.5 SD below mean for year
       1938 +3.0 SD;    1984 +3.0 SD
====================================================================================================================================

 SEH031A1  1937 to  2018      82 years                                                                                    Series  10

 [B] Entire series, effect on correlation ( 0.701) is:
       Lower   2010>-0.037   1998<-0.024   1964<-0.013   1942<-0.013   1956>-0.009   2004<-0.006  Higher   1993 0.021   2018 0.020

 [E] Outliers     1   3.0 SD above or -4.5 SD below mean for year
       2010 +3.8 SD
====================================================================================================================================

 SEH031BB  1923 to  2018      96 years                                                                                    Series  11

 [A] Segment   High   -10   -9   -8   -7   -6   -5   -4   -3   -2   -1    0   +1   +2   +3   +4   +5   +6   +7   +8   +9  +10
    ---------  ----   ---  ---  ---  ---  ---  ---  ---  ---  ---  ---  ---  ---  ---  ---  ---  ---  ---  ---  ---  ---  ---
    1923 1972    0    .15 -.01 -.10 -.05 -.35 -.06 -.27 -.11 -.09  .22  .32* .06  .15  .05  .10 -.16 -.34 -.38 -.06 -.04  .14
    1925 1974    0    .12  .06 -.09 -.10 -.34 -.14 -.17 -.14 -.10  .26  .29* .09  .12  .06  .06 -.15 -.29 -.41 -.06 -.07  .13

 [B] Entire series, effect on correlation ( 0.477) is:
       Lower   1942<-0.043   1998<-0.023   1939<-0.021   1940<-0.015   2011>-0.012   1941>-0.011  Higher   2018 0.042   1993 0.033
     1923 to 1972 segment:
       Lower   1942<-0.088   1939<-0.039   1940<-0.028   1941>-0.021   1945<-0.016   1949>-0.014  Higher   1967 0.040   1948 0.034
     1925 to 1974 segment:
       Lower   1942<-0.088   1939<-0.037   1940<-0.028   1941>-0.022   1945<-0.015   1949>-0.014  Higher   1967 0.044   1948 0.037

====================================================================================================================================

 SEH033A1  1920 to  2018      99 years                                                                                    Series  12

 [B] Entire series, effect on correlation ( 0.648) is:
       Lower   1943>-0.023   1932<-0.016   1950>-0.011   1921<-0.011   2007>-0.010   1980>-0.009  Higher   1994 0.016   1985 0.011

====================================================================================================================================

 SEH033B1  1868 to  2018     151 years                                                                                    Series  13

 [B] Entire series, effect on correlation ( 0.574) is:
       Lower   1891>-0.015   1906<-0.013   1948>-0.011   1908<-0.009   1940<-0.009   1930<-0.008  Higher   2018 0.016   1993 0.015

 [E] Outliers     2   3.0 SD above or -4.5 SD below mean for year
       1889 +3.4 SD;    1891 +3.5 SD
====================================================================================================================================

 SEH034A1  1922 to  2018      97 years                                                                                    Series  14

 [B] Entire series, effect on correlation ( 0.673) is:
       Lower   2010>-0.016   2014<-0.015   1981<-0.013   1965>-0.008   1943<-0.007   1961>-0.007  Higher   1993 0.017   1985 0.011

====================================================================================================================================

 SEH034B1  1937 to  2018      82 years                                                                                    Series  15

 [B] Entire series, effect on correlation ( 0.705) is:
       Lower   2016<-0.018   1986>-0.017   2007>-0.016   1993<-0.009   1992>-0.009   1989<-0.007  Higher   1967 0.014   2002 0.014

 [E] Outliers     1   3.0 SD above or -4.5 SD below mean for year
       1986 +3.2 SD
====================================================================================================================================

 SEH041A1  1878 to  2018     141 years                                                                                    Series  16

 [B] Entire series, effect on correlation ( 0.593) is:
       Lower   1989<-0.025   1971<-0.024   1960>-0.011   1915<-0.010   1916<-0.010   2014<-0.009  Higher   1886 0.010   1994 0.009

 [E] Outliers     2   3.0 SD above or -4.5 SD below mean for year
       1940 +3.6 SD;    1985 +3.2 SD
====================================================================================================================================

 SEH041B1  1869 to  2018     150 years                                                                                    Series  17

 [B] Entire series, effect on correlation ( 0.548) is:
       Lower   1895>-0.017   1876>-0.016   1871<-0.013   2012<-0.012   1907>-0.012   1928>-0.010  Higher   1959 0.013   1911 0.013

 [D]    4 Absent rings:  Year   Master  N series Absent
                         2005    0.827      23       1  >> WARNING:  Ring is not usually narrow
                         2006   -1.175      23       1
                         2007   -0.448      23       1
                         2008    0.193      23       1  >> WARNING:  Ring is not usually narrow

 [E] Outliers     4   3.0 SD above or -4.5 SD below mean for year
       1876 +3.5 SD;    1895 +3.2 SD;    1945 +3.1 SD;    1972 +3.0 SD
====================================================================================================================================

 SEH052A1  1944 to  2018      75 years                                                                                    Series  18

 [B] Entire series, effect on correlation ( 0.514) is:
       Lower   1955<-0.039   1957<-0.033   1985<-0.018   2008>-0.013   1959<-0.011   1992>-0.010  Higher   2018 0.021   2002 0.014

====================================================================================================================================

 SEH052B1  1928 to  2018      91 years                                                                                    Series  19

 [B] Entire series, effect on correlation ( 0.613) is:
       Lower   1928>-0.035   1991>-0.016   1951>-0.013   1964<-0.011   1967>-0.009   2003<-0.008  Higher   1993 0.038   1990 0.014

 [E] Outliers     2   3.0 SD above or -4.5 SD below mean for year
       1928 +3.8 SD;    1993 +3.0 SD
====================================================================================================================================

 SEH053A1  1946 to  2018      73 years                                                                                    Series  20

 [B] Entire series, effect on correlation ( 0.588) is:
       Lower   1955<-0.029   1999<-0.025   1957<-0.021   2001<-0.018   1977>-0.011   1952>-0.010  Higher   1985 0.018   2002 0.017

====================================================================================================================================

 SEH053B1  1935 to  2018      84 years                                                                                    Series  21

 [A] Segment   High   -10   -9   -8   -7   -6   -5   -4   -3   -2   -1    0   +1   +2   +3   +4   +5   +6   +7   +8   +9  +10
    ---------  ----   ---  ---  ---  ---  ---  ---  ---  ---  ---  ---  ---  ---  ---  ---  ---  ---  ---  ---  ---  ---  ---
    1950 1999    8    .10  .09 -.14 -.03  .23 -.13 -.05 -.11 -.03 -.19  .24|-.13  .22 -.23 -.16  .16  .04 -.05  .38*-.22 -.05

 [B] Entire series, effect on correlation ( 0.423) is:
       Lower   1989<-0.071   1959<-0.065   1991>-0.017   1999>-0.015   2010<-0.014   1998<-0.011  Higher   1993 0.029   1985 0.024
     1950 to 1999 segment:
       Lower   1989<-0.110   1959<-0.100   1991>-0.027   1999>-0.022   1998<-0.016   1955<-0.014  Higher   1993 0.074   1985 0.059

 [E] Outliers     2   3.0 SD above or -4.5 SD below mean for year
       1959 -4.9 SD;    1989 -5.3 SD
====================================================================================================================================

 SEH057A1  1888 to  2018     131 years                                                                                    Series  22

 [B] Entire series, effect on correlation ( 0.551) is:
       Lower   1944>-0.031   1904<-0.021   1985<-0.018   2004<-0.015   1913>-0.012   1999>-0.011  Higher   1993 0.027   2018 0.020

 [E] Outliers     1   3.0 SD above or -4.5 SD below mean for year
       1944 +4.9 SD
====================================================================================================================================

 SEH057B1  1882 to  2018     137 years                                                                                    Series  23

 [B] Entire series, effect on correlation ( 0.629) is:
       Lower   1941>-0.014   1891>-0.014   1985<-0.014   1999>-0.012   1922<-0.009   1934>-0.008  Higher   1993 0.018   1911 0.011

 [E] Outliers     1   3.0 SD above or -4.5 SD below mean for year
       1891 +3.0 SD
====================================================================================================================================
PART 7:  DESCRIPTIVE STATISTICS:                                                                   09:14  Thu 02 Aug 2018  Page   6
------------------------------------------------------------------------------------------------------------------------------------

                                                Corr   //-------- Unfiltered --------\\  //---- Filtered -----\\
                           No.    No.    No.    with   Mean   Max     Std   Auto   Mean   Max     Std   Auto  AR
 Seq Series   Interval   Years  Segmt  Flags   Master  msmt   msmt    dev   corr   sens  value    dev   corr  ()
 --- -------- ---------  -----  -----  -----   ------ -----  -----  -----  -----  -----  -----  -----  -----  --
   1 SEH009A1 1970 2018     49      1      1   0.247   0.94   1.65  0.278  0.624  0.209   0.50  0.245  0.011   1
   2 SEH009B1 1930 2018     89      3      0   0.457   0.66   1.41  0.251  0.722  0.199   0.84  0.281  0.038   1
   3 SEH016A1 1935 2018     84      3      0   0.482   0.89   2.62  0.393  0.758  0.227   0.83  0.304  0.006   1
   4 SEH016B1 1938 2018     81      3      0   0.665   0.75   2.14  0.359  0.768  0.289   0.69  0.325  0.016   1
   5 SEH016C1 1924 2018     95      4      0   0.598   0.77   2.51  0.361  0.768  0.223   1.37  0.347  0.026   1
   6 SEH025A1 1872 2018    147      6      0   0.640   0.93   2.78  0.461  0.827  0.216   0.61  0.274 -0.004   1
   7 SEH025B1 1846 2018    173      6      0   0.570   0.82   2.91  0.413  0.854  0.195   0.79  0.274  0.019   1
   8 SEH030A1 1925 2018     94      3      0   0.578   0.78   1.88  0.371  0.806  0.228   0.66  0.253 -0.010   3
   9 SEH030B1 1921 2018     98      4      0   0.640   0.75   1.81  0.391  0.845  0.223   0.64  0.265 -0.016   1
  10 SEH031A1 1937 2018     82      3      0   0.701   0.88   2.44  0.496  0.831  0.248   0.80  0.323 -0.014   1
  11 SEH031BB 1923 2018     96      4      2   0.477   0.92   2.05  0.437  0.747  0.296   0.76  0.353 -0.010   1
  12 SEH033A1 1920 2018     99      4      0   0.648   0.89   2.48  0.445  0.879  0.222   0.64  0.267 -0.017   1
  13 SEH033B1 1868 2018    151      6      0   0.574   0.81   2.79  0.560  0.886  0.234   1.23  0.335 -0.008   1
  14 SEH034A1 1922 2018     97      4      0   0.673   1.34   2.36  0.391  0.576  0.213   0.55  0.234 -0.001   3
  15 SEH034B1 1937 2018     82      3      0   0.705   1.24   2.36  0.421  0.583  0.253   0.70  0.315  0.016   1
  16 SEH041A1 1878 2018    141      5      0   0.593   1.05   2.22  0.353  0.482  0.270   1.00  0.337 -0.008   1
  17 SEH041B1 1869 2018    150      6      0   0.548   0.92   2.50  0.413  0.617  0.335   1.26  0.453 -0.004   1
  18 SEH052A1 1944 2018     75      3      0   0.514   1.07   2.42  0.561  0.770  0.289   0.72  0.322  0.033   1
  19 SEH052B1 1928 2018     91      3      0   0.613   0.84   2.09  0.319  0.603  0.256   1.18  0.342 -0.003   1
  20 SEH053A1 1946 2018     73      3      0   0.588   1.54   3.00  0.620  0.714  0.252   0.58  0.302  0.035   1
  21 SEH053B1 1935 2018     84      3      1   0.423   1.21   2.51  0.470  0.719  0.226   0.83  0.303  0.041   1
  22 SEH057A1 1888 2018    131      5      0   0.551   0.86   2.38  0.484  0.805  0.295   1.22  0.374 -0.053   1
  23 SEH057B1 1882 2018    137      5      0   0.629   0.86   1.71  0.383  0.733  0.246   0.79  0.317 -0.014   1
 --- -------- ---------  -----  -----  -----   ------ -----  -----  -----  -----  -----  -----  -----  -----  --
 Total or mean:           2399     90      4   0.579   0.93   3.00  0.422  0.741  0.246   1.37  0.315  0.001

                                              - = [  COFECHA CHK01COF  ] = -
