[]  Dendrochronology Program Library                                        Run CHK05  Program COF  12:00  Thu 16 Aug 2018  Page   1
[]
[]  P R O G R A M      C O F E C H A                                                                          Version 6.06P    30545
------------------------------------------------------------------------------------------------------------------------------------

 QUALITY CONTROL AND DATING CHECK OF TREE-RING MEASUREMENTS                                                   COF12K.for

 File of DATED series:   seh_acsa05.rwl

 CONTENTS:

    Part 1:  Title page, options selected, summary, absent rings by series
    Part 2:  Histogram of time spans
    Part 3:  Master series with sample depth and absent rings by year
    Part 4:  Bar plot of Master Dating Series
    Part 5:  Correlation by segment of each series with Master
    Part 6:  Potential problems: low correlation, divergent year-to-year changes, absent rings, outliers
    Part 7:  Descriptive statistics

 RUN CONTROL OPTIONS SELECTED                             VALUE

         1  Cubic smoothing spline 50% wavelength cutoff for filtering
                                                            32 years
         2  Segments examined are                           50 years lagged successively by  25 years
         3  Autoregressive model applied                     A  Residuals are used in master dating series and testing
         4  Series not transformed to logarithms             N
         5  CORRELATION is Pearson (parametric, quantitative)
            Critical correlation, 99% confidence level  0.3281
         6  Master dating series saved                       N
         7  Ring measurements listed                         N
         8  Parts printed                              1234567 
         9  Absent rings are omitted from master series and segment correlations  (Y)

 Time span of Master dating series is  1891 to  2018   128 years
 Continuous time span is               1891 to  2018   128 years
 Portion with two or more series is    1892 to  2018   127 years


                                        ****************************************
                                        *C* Number of dated series         7 *C*
                                        *O* Master series 1891 2018  128 yrs *O*
                                        *F* Total rings in all series    722 *F*
                                        *E* Total dated rings checked    721 *E*
                                        *C* Series intercorrelation    0.562 *C*
                                        *H* Average mean sensitivity   0.365 *H*
                                        *A* Segments, possible problems    1 *A*
                                        *** Mean length of series      103.0 ***
                                        ****************************************

 ABSENT RINGS listed by SERIES:            (See Master Dating Series for absent rings listed by year)

 SEH002A1    5 absent rings:   1976  1983  1992  1996  2006
 SEH002B1    5 absent rings:   1976  1977  1988  1996  2006
 SEH005A1    1 absent rings:   1960

            11 absent rings   1.524%
PART 2:  TIME PLOT OF TREE-RING SERIES:                                                            12:00  Thu 16 Aug 2018  Page   2
------------------------------------------------------------------------------------------------------------------------------------
 1050 1100 1150 1200 1250 1300 1350 1400 1450 1500 1550 1600 1650 1700 1750 1800 1850 1900 1950 2000 2050 Ident   Seq Time-span  Yrs
   :    :    :    :    :    :    :    :    :    :    :    :    :    :    :    :    :    :    :    :    : -------- --- ---- ---- ----
   .    .    .    .    .    .    .    .    .    .    .    .    .    .    .    .    .   <===========>   . SEH002A1   1 1892 2018  127
   .    .    .    .    .    .    .    .    .    .    .    .    .    .    .    .    .   <===========>   . SEH002B1   2 1896 2018  123
   .    .    .    .    .    .    .    .    .    .    .    .    .    .    .    .    .    <==========>   . SEH005A1   3 1902 2018  117
   .    .    .    .    .    .    .    .    .    .    .    .    .    .    .    .    .   <===========>   . SEH005B1   4 1891 2018  128
   .    .    .    .    .    .    .    .    .    .    .    .    .    .    .    .    .    <==========>   . SEH005C1   5 1903 2018  116
   .    .    .    .    .    .    .    .    .    .    .    .    .    .    .    .    .    .    .<====>   . SEH038A1   6 1962 2018   57
   .    .    .    .    .    .    .    .    .    .    .    .    .    .    .    .    .    .    .<====>   . SEH038B1   7 1965 2018   54
   :    :    :    :    :    :    :    :    :    :    :    :    :    :    :    :    :    :    :    :    :
 1050 1100 1150 1200 1250 1300 1350 1400 1450 1500 1550 1600 1650 1700 1750 1800 1850 1900 1950 2000 2050
PART 3:  Master Dating Series:                                                                     12:00  Thu 16 Aug 2018  Page   3
------------------------------------------------------------------------------------------------------------------------------------
  Year  Value  No Ab    Year  Value  No Ab    Year  Value  No Ab    Year  Value  No Ab    Year  Value  No Ab    Year  Value  No Ab
  ------------------    ------------------    ------------------    ------------------    ------------------    ------------------
                        1900  0.260   3       1950  1.300   5       2000  0.706   7
                        1901  0.973   3       1951  2.336   5       2001  2.758   7
                        1902  1.635   4       1952  1.355   5       2002  0.568   7
                        1903  0.565   5       1953 -0.648   5       2003  0.523   7
                        1904 -0.720   5       1954  0.215   5       2004 -0.761   7
                        1905 -0.360   5       1955 -0.622   5       2005  0.593   7
                        1906 -1.350   5       1956 -1.803   5       2006 -1.208   7  2
                        1907 -1.454   5       1957 -2.277   5       2007  0.621   7
                        1908 -0.819   5       1958 -0.812   5       2008  0.125   7
                        1909 -0.112   5       1959 -1.619   5       2009 -0.093   7

                        1910 -0.861   5       1960 -0.465   5  1    2010 -1.125   7
                        1911 -0.633   5       1961  0.705   5       2011 -1.395   7
                        1912 -0.231   5       1962 -0.096   6       2012  0.550   7
                        1913  1.460   5       1963 -1.063   6       2013  0.380   7
                        1914  1.857   5       1964  0.244   6       2014  0.319   7
                        1915  0.785   5       1965  0.946   7       2015  0.782   7
                        1916 -0.307   5       1966 -0.961   7       2016 -0.046   7
                        1917  0.208   5       1967  1.075   7       2017  0.792   7
                        1918  0.948   5       1968  1.080   7       2018 -2.103   7
                        1919  0.649   5       1969  0.933   7

                        1920  1.561   5       1970  0.735   7
                        1921 -0.406   5       1971  0.427   7
                        1922  1.361   5       1972  0.519   7
                        1923  0.634   5       1973 -0.268   7
                        1924 -1.448   5       1974 -0.571   7
                        1925 -1.767   5       1975 -0.326   7
                        1926 -0.135   5       1976 -1.141   7  2
                        1927 -1.571   5       1977 -0.464   7  1
                        1928 -0.548   5       1978 -0.111   7
                        1929 -1.270   5       1979  0.549   7

                        1930 -0.695   5       1980  1.291   7
                        1931 -1.207   5       1981  0.597   7
                        1932  0.878   5       1982  0.855   7
                        1933 -0.492   5       1983 -1.847   7  1
                        1934  0.856   5       1984 -1.344   7
                        1935  0.818   5       1985  0.107   7
                        1936 -1.156   5       1986  1.152   7
                        1937 -1.155   5       1987  1.301   7
                        1938 -0.261   5       1988 -1.560   7  1
                        1939  0.624   5       1989 -1.073   7

                        1940  1.759   5       1990 -1.201   7
  1891  0.995   1       1941  0.007   5       1991  0.035   7
  1892  0.248   2       1942  0.892   5       1992 -1.402   7  1
  1893  0.042   2       1943 -0.788   5       1993  0.530   7
  1894 -0.593   2       1944  1.510   5       1994  0.054   7
  1895  0.593   2       1945  0.543   5       1995  0.818   7
  1896  0.151   3       1946  0.088   5       1996 -1.121   7  2
  1897 -1.038   3       1947 -0.576   5       1997 -0.539   7
  1898  0.211   3       1948 -0.972   5       1998  1.417   7
  1899 -0.721   3       1949  0.791   5       1999  0.517   7
------------------------------------------------------------------------------------------------------------------------------------
PART 4:  Master Bar Plot:                                                                          12:00  Thu 16 Aug 2018  Page   4
------------------------------------------------------------------------------------------------------------------------------------
   Year Rel value  Year Rel value  Year Rel value  Year Rel value  Year Rel value  Year Rel value  Year Rel value  Year Rel value
                   1900------A     1950---------E  2000--------C
                   1901---------D  1951----------I 2001----------K
                   1902----------G 1952----------E 2002-------B
                   1903-------B    1953---c        2003-------B
                   1904--c         1954-----A      2004--c
                   1905----a       1955---b        2005-------B
                   1906-e          1956g           2006-e
                   1907f           1957i           2007-------B
                   1908--c         1958--c         2008-----A
                   1909----@       1959f           2009----@
                   1910--c         1960---b        2010-d
                   1911---c        1961--------C   2011f
                   1912----a       1962----@       2012-------B
                   1913----------F 1963-d          2013------B
                   1914----------G 1964-----A      2014------A
                   1915--------C   1965---------D  2015--------C
                   1916----a       1966--d         2016-----@
                   1917-----A      1967---------D  2017--------C
                   1918---------D  1968---------D  2018h
                   1919-------C    1969--------D
                   1920----------F 1970--------C
                   1921----b       1971------B
                   1922----------E 1972-------B
                   1923-------C    1973----a
                   1924f           1974---b
                   1925g           1975----a
                   1926----a       1976-e
                   1927f           1977---b
                   1928---b        1978----@
                   1929-e          1979-------B
                   1930--c         1980---------E
                   1931-e          1981-------B
                   1932--------D   1982--------C
                   1933---b        1983g
                   1934--------C   1984-e
                   1935--------C   1985-----@
                   1936-e          1986---------E
                   1937-e          1987---------E
                   1938----a       1988f
                   1939-------B    1989-d
                   1940----------G 1990-e
   1891---------D  1941-----@      1991-----@
   1892-----A      1942--------D   1992f
   1893-----@      1943--c         1993-------B
   1894---b        1944----------F 1994-----@
   1895-------B    1945-------B    1995--------C
   1896-----A      1946-----@      1996-d
   1897-d          1947---b        1997---b
   1898-----A      1948--d         1998----------F
   1899--c         1949--------C   1999-------B
PART 5:  CORRELATION OF SERIES BY SEGMENTS:                                                        12:00  Thu 16 Aug 2018  Page   5
------------------------------------------------------------------------------------------------------------------------------------
 Correlations of  50-year dated segments, lagged  25 years
 Flags:  A = correlation under  0.3281 but highest as dated;  B = correlation higher at other than dated position

 Seq Series  Time_span   1875 1900 1925 1950 1975
                         1924 1949 1974 1999 2024
 --- -------- ---------  ---- ---- ---- ---- ---- ---- ---- ---- ---- ---- ---- ---- ---- ---- ---- ---- ---- ---- ---- ----
   1 SEH002A1 1892 2018   .36  .65  .70  .60  .56
   2 SEH002B1 1896 2018   .39  .43  .58  .55  .40
   3 SEH005A1 1902 2018        .43  .56  .58  .60
   4 SEH005B1 1891 2018   .25B .52  .71  .77  .72
   5 SEH005C1 1903 2018        .67  .59  .69  .75
   6 SEH038A1 1962 2018                  .49  .49
   7 SEH038B1 1965 2018                  .61  .62
 Av segment correlation  0.33 0.54 0.63 0.61 0.59
PART 6:  POTENTIAL PROBLEMS:                                                                       12:00  Thu 16 Aug 2018  Page   5
------------------------------------------------------------------------------------------------------------------------------------

 For each series with potential problems the following diagnostics may appear:

 [A] Correlations with master dating series of flagged  50-year segments of series filtered with  32-year spline,
     at every point from ten years earlier (-10) to ten years later (+10) than dated

 [B] Effect of those data values which most lower or raise correlation with master series
     Symbol following year indicates value in series is greater (>) or lesser (<) than master series value

 [C] Year-to-year changes very different from the mean change in other series

 [D] Absent rings (zero values)

 [E] Values which are statistical outliers from mean for the year
====================================================================================================================================

 SEH002A1  1892 to  2018     127 years                                                                                    Series   1

 [B] Entire series, effect on correlation ( 0.564) is:
       Lower   1892<-0.035   1893>-0.028   1895>-0.025   1904>-0.015   1955>-0.011   1969<-0.011  Higher   1983 0.015   2006 0.010

 [C] Year-to-year changes diverging by over 4.0 std deviations:
       1892 1893   4.4 SD

 [D]    5 Absent rings:  Year   Master  N series Absent
                         1976   -1.141       7       2
                         1983   -1.847       7       1
                         1992   -1.402       7       1
                         1996   -1.121       7       2
                         2006   -1.208       7       2

 [E] Outliers     1   3.0 SD above or -4.5 SD below mean for year
       1895 +4.1 SD
====================================================================================================================================

 SEH002B1  1896 to  2018     123 years                                                                                    Series   2

 [B] Entire series, effect on correlation ( 0.486) is:
       Lower   1905>-0.026   1928>-0.021   2018>-0.018   1983>-0.014   1919<-0.013   1992>-0.012  Higher   1988 0.016   2001 0.013

 [D]    5 Absent rings:  Year   Master  N series Absent
                         1976   -1.141       7       2
                         1977   -0.464       7       1
                         1988   -1.560       7       1
                         1996   -1.121       7       2
                         2006   -1.208       7       2

 [E] Outliers     3   3.0 SD above or -4.5 SD below mean for year
       1905 +3.9 SD;    1928 +4.1 SD;    1965 +3.1 SD
====================================================================================================================================

 SEH005A1  1902 to  2018     117 years                                                                                    Series   3

 [B] Entire series, effect on correlation ( 0.519) is:
       Lower   1912<-0.018   1921>-0.015   2000<-0.014   1976>-0.014   1913<-0.012   1960<-0.011  Higher   2018 0.021   1983 0.019

 [D]    1 Absent rings:  Year   Master  N series Absent
                         1960   -0.465       5       1
                                                        Present in series    1  SEH002A1 time span  1892 to  2018
                                                        Present in series    2  SEH002B1 time span  1896 to  2018
                                                        Present in series    4  SEH005B1 time span  1891 to  2018
                                                        Present in series    5  SEH005C1 time span  1903 to  2018

====================================================================================================================================

 SEH005B1  1891 to  2018     128 years                                                                                    Series   4

 [*] Early part of series cannot be checked from 1891 to 1891 -- not matched by another series

 [A] Segment   High   -10   -9   -8   -7   -6   -5   -4   -3   -2   -1    0   +1   +2   +3   +4   +5   +6   +7   +8   +9  +10
    ---------  ----   ---  ---  ---  ---  ---  ---  ---  ---  ---  ---  ---  ---  ---  ---  ---  ---  ---  ---  ---  ---  ---
    1892 1941    4      -    -    -    -    -    -    -    -    - -.07  .25| .19  .18  .02  .29*-.10  .15 -.10 -.08  .05  .08

 [B] Entire series, effect on correlation ( 0.566) is:
       Lower   1892>-0.035   1895<-0.030   1893<-0.024   1995<-0.012   1908>-0.011   1902<-0.010  Higher   2001 0.026   2018 0.019
     1892 to 1941 segment:
       Lower   1892>-0.074   1895<-0.054   1893<-0.048   1908>-0.023   1938>-0.016   1931>-0.015  Higher   1940 0.041   1913 0.036

 [C] Year-to-year changes diverging by over 4.0 std deviations:
       1892 1893  -4.6 SD

 [E] Outliers     1   3.0 SD above or -4.5 SD below mean for year
       1892 +4.3 SD
====================================================================================================================================

 SEH005C1  1903 to  2018     116 years                                                                                    Series   5

 [B] Entire series, effect on correlation ( 0.705) is:
       Lower   1931>-0.025   1970<-0.011   1972<-0.010   1968<-0.010   1926<-0.010   1954>-0.010  Higher   2001 0.020   2018 0.014

====================================================================================================================================

 SEH038A1  1962 to  2018      57 years                                                                                    Series   6

 [B] Entire series, effect on correlation ( 0.472) is:
       Lower   2006>-0.061   1981<-0.034   2014>-0.022   1966>-0.022   2008<-0.014   1965<-0.014  Higher   1983 0.038   2018 0.035

 [E] Outliers     1   3.0 SD above or -4.5 SD below mean for year
       2006 +3.2 SD
====================================================================================================================================

 SEH038B1  1965 to  2018      54 years                                                                                    Series   7

 [B] Entire series, effect on correlation ( 0.602) is:
       Lower   1965<-0.036   1973>-0.024   2016>-0.020   2015<-0.016   2007<-0.015   1978<-0.014  Higher   2001 0.045   2018 0.030

====================================================================================================================================
PART 7:  DESCRIPTIVE STATISTICS:                                                                   12:00  Thu 16 Aug 2018  Page   6
------------------------------------------------------------------------------------------------------------------------------------

                                                Corr   //-------- Unfiltered --------\\  //---- Filtered -----\\
                           No.    No.    No.    with   Mean   Max     Std   Auto   Mean   Max     Std   Auto  AR
 Seq Series   Interval   Years  Segmt  Flags   Master  msmt   msmt    dev   corr   sens  value    dev   corr  ()
 --- -------- ---------  -----  -----  -----   ------ -----  -----  -----  -----  -----  -----  -----  -----  --
   1 SEH002A1 1892 2018    127      5      0   0.564   0.52   1.28  0.284  0.396  0.508   0.98  0.488 -0.005   1
   2 SEH002B1 1896 2018    123      5      0   0.486   0.41   1.03  0.228  0.472  0.515   1.23  0.523  0.007   1
   3 SEH005A1 1902 2018    117      4      0   0.519   1.17   2.94  0.657  0.824  0.306   0.94  0.376 -0.011   1
   4 SEH005B1 1891 2018    128      5      1   0.566   0.82   2.08  0.395  0.711  0.300   1.34  0.438  0.001   1
   5 SEH005C1 1903 2018    116      4      0   0.705   0.79   2.17  0.394  0.737  0.281   1.33  0.386 -0.038   1
   6 SEH038A1 1962 2018     57      2      0   0.472   1.58   2.63  0.564  0.638  0.260   0.69  0.320 -0.012   1
   7 SEH038B1 1965 2018     54      2      0   0.602   1.69   3.38  0.579  0.542  0.256   0.62  0.295  0.002   1
 --- -------- ---------  -----  -----  -----   ------ -----  -----  -----  -----  -----  -----  -----  -----  --
 Total or mean:            722     27      1   0.562   0.87   3.38  0.417  0.619  0.365   1.34  0.423 -0.008

                                              - = [  COFECHA CHK05COF  ] = -
