[]  Dendrochronology Program Library                                        Run TST02  Program COF  10:39  Wed 01 Aug 2018  Page   1
[]
[]  P R O G R A M      C O F E C H A                                                                          Version 6.06P    30530
------------------------------------------------------------------------------------------------------------------------------------

 QUALITY CONTROL AND DATING CHECK OF TREE-RING MEASUREMENTS                                                   COF12K.for

 File of DATED series:   mi006vsseh070b.rwl

 CONTENTS:

    Part 1:  Title page, options selected, summary, absent rings by series
    Part 2:  Histogram of time spans
    Part 3:  Master series with sample depth and absent rings by year
    Part 4:  Bar plot of Master Dating Series
    Part 5:  Correlation by segment of each series with Master
    Part 6:  Potential problems: low correlation, divergent year-to-year changes, absent rings, outliers
    Part 7:  Descriptive statistics

 RUN CONTROL OPTIONS SELECTED                             VALUE

         1  Cubic smoothing spline 50% wavelength cutoff for filtering
                                                            32 years
         2  Segments examined are                           50 years lagged successively by  25 years
         3  Autoregressive model applied                     A  Residuals are used in master dating series and testing
         4  Series not transformed to logarithms             N
         5  CORRELATION is Pearson (parametric, quantitative)
            Critical correlation, 99% confidence level  0.3281
         6  Master dating series saved                       N
         7  Ring measurements listed                         N
         8  Parts printed                              1234567 
         9  Absent rings are omitted from master series and segment correlations  (Y)

 Time span of Master dating series is  1570 to  2018   449 years
 Continuous time span is               1570 to  2018   449 years
 Portion with two or more series is    1596 to  1983   388 years

 >> SEH070B1    1857 absent in   1 of   26 series, but is not usually narrow: master index is -0.024
 >> SEH070B1    1996 absent in   1 of    1 series, but is not usually narrow: master index is -0.024
 >> SEH070B1    2006 absent in   1 of    1 series, but is not usually narrow: master index is -0.024
 >> 125311      1658 absent in   1 of    6 series, but is not usually narrow: master index is -0.192
 >> 125311      1659 absent in   1 of    6 series, but is not usually narrow: master index is  0.760
 >> 125311      1660 absent in   1 of    6 series, but is not usually narrow: master index is  0.608

                                        ****************************************
                                        *C* Number of dated series        27 *C*
                                        *O* Master series 1570 2018  449 yrs *O*
                                        *F* Total rings in all series   7556 *F*
                                        *E* Total dated rings checked   7495 *E*
                                        *C* Series intercorrelation    0.737 *C*
                                        *H* Average mean sensitivity   0.344 *H*
                                        *A* Segments, possible problems    4 *A*
                                        *** Mean length of series      279.0 ***
                                        ****************************************

 ABSENT RINGS listed by SERIES:            (See Master Dating Series for absent rings listed by year)

 SEH070B1    9 absent rings:   1757  1790  1857  1937  1965  1972  1979  1996  2006
 125251      2 absent rings:   1870  1937
 125261      2 absent rings:   1677  1870
 125262      1 absent rings:   1870
 125271      1 absent rings:   1870
 125272      1 absent rings:   1870
 125291      1 absent rings:   1870
 125292      2 absent rings:   1744  1870
 125301      1 absent rings:   1870
 125311      9 absent rings:   1632  1657  1658  1659  1660  1741  1742  1870  1950
 125312      5 absent rings:   1741  1742  1804  1870  1948
 125321      1 absent rings:   1948
 125322      1 absent rings:   1870
 125341      1 absent rings:   1870
 125352      1 absent rings:   1977
 125361      1 absent rings:   1870
 125362      1 absent rings:   1870
 125381      1 absent rings:   1870
 125382      1 absent rings:   1870

            42 absent rings   0.556%
PART 2:  TIME PLOT OF TREE-RING SERIES:                                                            10:39  Wed 01 Aug 2018  Page   2
------------------------------------------------------------------------------------------------------------------------------------
 1050 1100 1150 1200 1250 1300 1350 1400 1450 1500 1550 1600 1650 1700 1750 1800 1850 1900 1950 2000 2050 Ident   Seq Time-span  Yrs
   :    :    :    :    :    :    :    :    :    :    :    :    :    :    :    :    :    :    :    :    : -------- --- ---- ---- ----
   .    .    .    .    .    .    .    .    .    .    .    .  <=====================================>   . SEH070B1   1 1639 2018  380
   .    .    .    .    .    .    .    .    .    .    .    .    .   <========================>.    .    . 125251     2 1697 1949  253
   .    .    .    .    .    .    .    .    .    .    .    . <===================================> .    . 125261     3 1623 1983  361
   .    .    .    .    .    .    .    .    .    .    . <========================================> .    . 125262     4 1570 1983  414
   .    .    .    .    .    .    .    .    .    .    .    .    .    . <=========================> .    . 125271     5 1726 1983  258
   .    .    .    .    .    .    .    .    .    .    .    .    .    .    .<=====================> .    . 125272     6 1764 1983  220
   .    .    .    .    .    .    .    .    .    .    .    .    <================================> .    . 125281     7 1652 1983  332
   .    .    .    .    .    .    .    .    .    .    .    .    .   <============================> .    . 125282     8 1693 1983  291
   .    .    .    .    .    .    .    .    .    .    .    .    .    .  <========================> .    . 125291     9 1736 1983  248
   .    .    .    .    .    .    .    .    .    .    .    .    .    .<==========================> .    . 125292    10 1718 1983  266
   .    .    .    .    .    .    .    .    .    .    .    .    .    <===========================> .    . 125301    11 1709 1983  275
   .    .    .    .    .    .    .    .    .    .    .   <======================================> .    . 125311    12 1596 1983  388
   .    .    .    .    .    .    .    .    .    .    .    .    .<===============================> .    . 125312    13 1667 1983  317
   .    .    .    .    .    .    .    .    .    .    .    .    .    . <=========================> .    . 125321    14 1720 1983  264
   .    .    .    .    .    .    .    .    .    .    .    .    .    .    <======================> .    . 125322    15 1752 1983  232
   .    .    .    .    .    .    .    .    .    .    .    .    .    .<==========================> .    . 125341    16 1710 1983  274
   .    .    .    .    .    .    .    .    .    .    .    .    .   <====================>    .    .    . 125351    17 1694 1902  209
   .    .    .    .    .    .    .    .    .    .    .    .    .    . <=========================> .    . 125352    18 1728 1983  256
   .    .    .    .    .    .    .    .    .    .    .    .    .    . <=========================> .    . 125361    19 1721 1983  263
   .    .    .    .    .    .    .    .    .    .    .    .    .    .    <======================> .    . 125362    20 1755 1983  229
   .    .    .    .    .    .    .    .    .    .    .    .   <=================================> .    . 125381    21 1649 1983  335
   .    .    .    .    .    .    .    .    .    .    .    .    . <==============================> .    . 125382    22 1671 1983  313
   .    .    .    .    .    .    .    .    .    .    .    .    .<==========>  .    .    .    .    .    . 125401    23 1669 1774  106
   .    .    .    .    .    .    .    .    .    .    .    .    .    .    .<=====================> .    . 125402    24 1761 1983  223
   .    .    .    .    .    .    .    .    .    .    .    .    .  <=============================> .    . 125421    25 1688 1983  296
   .    .    .    .    .    .    .    .    .    .    .    .    .    .<==========================> .    . 125422    26 1715 1983  269
   .    .    .    .    .    .    .    .    .    .    .    .    .    <===========================> .    . 125423    27 1700 1983  284
   :    :    :    :    :    :    :    :    :    :    :    :    :    :    :    :    :    :    :    :    :
 1050 1100 1150 1200 1250 1300 1350 1400 1450 1500 1550 1600 1650 1700 1750 1800 1850 1900 1950 2000 2050
PART 3:  Master Dating Series:                                                                     10:39  Wed 01 Aug 2018  Page   3
------------------------------------------------------------------------------------------------------------------------------------
  Year  Value  No Ab    Year  Value  No Ab    Year  Value  No Ab    Year  Value  No Ab    Year  Value  No Ab    Year  Value  No Ab
  ------------------    ------------------    ------------------    ------------------    ------------------    ------------------
                        1600  0.468   2       1650  0.402   5       1700 -1.533  14       1750  1.525  23       1800  0.566  26
                        1601 -0.269   2       1651  0.226   5       1701 -1.853  14       1751 -0.286  23       1801 -0.635  26
                        1602 -0.022   2       1652 -0.273   6       1702 -0.121  14       1752  0.078  24       1802 -0.283  26
                        1603 -1.661   2       1653 -1.135   6       1703  0.592  14       1753 -1.064  24       1803 -0.212  26
                        1604 -0.774   2       1654 -0.579   6       1704  1.166  14       1754 -0.225  24       1804 -1.058  26  1
                        1605 -2.546   2       1655 -0.153   6       1705  1.029  14       1755 -0.359  25       1805  0.519  26
                        1606  0.850   2       1656  1.086   6       1706  1.401  14       1756  2.121  25       1806  0.207  26
                        1607  0.481   2       1657 -0.665   6  1    1707  0.228  14       1757 -2.067  25  1    1807  1.081  26
                        1608 -0.580   2       1658 -0.192   6  1<<  1708 -0.418  14       1758 -1.402  25       1808  1.188  26
                        1609  0.722   2       1659  0.760   6  1<<  1709  0.194  15       1759  0.573  25       1809 -1.008  26

                        1610  0.767   2       1660  0.608   6  1<<  1710 -0.767  16       1760 -0.167  25       1810 -0.806  26
                        1611 -0.831   2       1661  0.279   6       1711  0.240  16       1761 -0.385  26       1811 -1.208  26
                        1612  0.322   2       1662 -1.242   6       1712  0.318  16       1762  0.041  26       1812  0.175  26
                        1613 -1.390   2       1663 -0.453   6       1713 -0.602  16       1763 -0.633  26       1813  0.867  26
                        1614  1.896   2       1664 -0.178   6       1714 -0.253  16       1764  0.705  27       1814  0.379  26
                        1615  0.066   2       1665 -1.315   6       1715  0.355  17       1765  0.118  27       1815 -0.158  26
                        1616 -0.367   2       1666  0.179   6       1716 -1.547  17       1766  0.757  27       1816 -1.628  26
                        1617 -0.405   2       1667 -0.229   7       1717  0.360  17       1767 -0.081  27       1817  0.033  26
                        1618 -0.329   2       1668  1.077   7       1718 -1.199  18       1768  0.168  27       1818  0.188  26
                        1619  1.567   2       1669  1.022   8       1719  0.508  18       1769  1.297  27       1819 -0.147  26

  1570  1.656   1       1620 -0.261   2       1670 -0.642   8       1720 -0.037  19       1770 -0.872  27       1820 -0.600  26
  1571 -1.513   1       1621  1.138   2       1671  0.469   9       1721  0.956  20       1771 -0.494  27       1821 -0.702  26
  1572  0.976   1       1622  1.227   2       1672  0.333   9       1722 -1.440  20       1772 -2.517  27       1822 -1.002  26
  1573 -0.583   1       1623  0.140   3       1673 -0.448   9       1723 -0.695  20       1773 -0.514  27       1823  1.231  26
  1574 -1.148   1       1624 -0.533   3       1674  0.435   9       1724  0.184  20       1774 -1.080  27       1824  1.712  26
  1575  0.685   1       1625 -0.299   3       1675 -0.322   9       1725  1.337  20       1775  0.343  26       1825  1.382  26
  1576  0.977   1       1626  1.079   3       1676  1.300   9       1726  1.676  21       1776 -0.550  26       1826 -1.272  26
  1577 -0.145   1       1627  1.318   3       1677 -2.472   9  1    1727  1.069  21       1777  0.543  26       1827  0.317  26
  1578 -0.846   1       1628  1.433   3       1678 -0.108   9       1728  0.247  22       1778  0.572  26       1828 -0.743  26
  1579  1.755   1       1629 -1.223   3       1679  0.019   9       1729  0.415  22       1779  1.600  26       1829 -0.097  26

  1580 -1.411   1       1630 -0.531   3       1680  1.099   9       1730  0.406  22       1780  0.247  26       1830  1.095  26
  1581 -1.544   1       1631 -1.467   3       1681 -1.191   9       1731 -0.124  22       1781 -0.575  26       1831 -0.163  26
  1582 -0.226   1       1632 -2.029   3  1    1682 -0.724   9       1732 -0.497  22       1782  1.595  26       1832 -0.286  26
  1583  0.466   1       1633 -1.005   3       1683 -0.814   9       1733 -0.739  22       1783  0.747  26       1833  0.644  26
  1584 -0.872   1       1634  0.524   3       1684 -0.114   9       1734  0.039  22       1784  0.999  26       1834 -0.074  26
  1585 -0.734   1       1635 -1.072   3       1685 -0.073   9       1735 -0.870  22       1785 -0.252  26       1835 -0.485  26
  1586 -1.245   1       1636 -2.011   3       1686  1.269   9       1736 -1.625  23       1786 -0.387  26       1836  0.955  26
  1587  1.688   1       1637 -0.439   3       1687  0.098   9       1737 -0.444  23       1787 -0.006  26       1837  0.390  26
  1588  0.926   1       1638  0.960   3       1688 -0.056  10       1738  0.206  23       1788  0.521  26       1838  1.001  26
  1589  1.660   1       1639  0.817   4       1689 -0.849  10       1739 -0.403  23       1789 -0.476  26       1839 -2.295  26

  1590  1.436   1       1640  0.482   4       1690 -0.466  10       1740  1.194  23       1790 -1.917  26  1    1840  0.367  26
  1591  0.820   1       1641  1.168   4       1691 -1.235  10       1741 -2.168  23  2    1791 -1.010  26       1841 -0.725  26
  1592  2.663   1       1642  1.077   4       1692  0.805  10       1742 -1.068  23  2    1792 -0.772  26       1842 -0.780  26
  1593 -1.857   1       1643  1.567   4       1693  0.883  11       1743 -0.702  23       1793  0.670  26       1843 -0.746  26
  1594 -0.347   1       1644 -0.272   4       1694  1.293  12       1744 -0.717  23  1    1794  0.116  26       1844 -0.690  26
  1595 -0.322   1       1645 -0.095   4       1695  1.869  12       1745  0.900  23       1795 -0.016  26       1845  0.689  26
  1596 -0.793   2       1646 -1.565   4       1696  0.414  12       1746  1.250  23       1796  0.835  26       1846 -0.318  26
  1597 -1.294   2       1647  0.228   4       1697 -0.240  13       1747  1.599  23       1797  1.189  26       1847 -0.205  26
  1598 -0.300   2       1648  0.192   4       1698 -1.129  13       1748  0.570  23       1798 -0.782  26       1848  1.919  26
  1599  1.530   2       1649  1.439   5       1699 -0.708  13       1749  0.785  23       1799 -0.058  26       1849 -0.038  26
PART 3:  Master Dating Series:                                                                     10:39  Wed 01 Aug 2018  Page   4
------------------------------------------------------------------------------------------------------------------------------------
  Year  Value  No Ab    Year  Value  No Ab    Year  Value  No Ab    Year  Value  No Ab    Year  Value  No Ab    Year  Value  No Ab
  ------------------    ------------------    ------------------    ------------------    ------------------    ------------------
  1850  0.405  26       1900  1.453  26       1950 -1.019  24  1    2000 -0.977   1
  1851  1.037  26       1901 -0.439  26       1951 -0.783  24       2001 -1.501   1
  1852 -0.255  26       1902  0.422  26       1952  0.921  24       2002  0.226   1
  1853 -1.379  26       1903  1.703  25       1953 -0.065  24       2003 -0.264   1
  1854 -1.028  26       1904 -0.989  25       1954  0.989  24       2004 -1.844   1
  1855 -1.448  26       1905  1.237  25       1955  0.714  24       2005 -0.311   1
  1856  1.273  26       1906  0.478  25       1956 -0.687  24       2006 -0.024   1  1<<
  1857 -0.024  26  1<<  1907 -1.507  25       1957  0.937  24       2007 -0.599   1
  1858  1.395  26       1908 -0.479  25       1958 -0.026  24       2008 -0.910   1
  1859  0.496  26       1909 -1.525  25       1959 -0.248  24       2009  0.474   1

  1860  1.047  26       1910 -0.639  25       1960 -1.101  24       2010  1.167   1
  1861  0.646  26       1911 -1.394  25       1961  1.416  24       2011  0.512   1
  1862  0.446  26       1912  0.037  25       1962  0.129  24       2012  0.910   1
  1863 -0.309  26       1913  1.673  25       1963  1.579  24       2013  0.818   1
  1864 -0.382  26       1914  1.254  25       1964 -0.056  24       2014 -0.457   1
  1865 -0.648  26       1915  0.277  25       1965 -1.283  24  1    2015  1.244   1
  1866 -0.332  26       1916  1.646  25       1966  0.260  24       2016  1.605   1
  1867  1.537  26       1917 -0.692  25       1967 -0.817  24       2017  0.970   1
  1868  0.603  26       1918 -1.112  25       1968 -0.089  24       2018 -1.439   1
  1869  0.513  26       1919  0.368  25       1969 -0.204  24

  1870 -3.371  26 16    1920  0.236  25       1970  0.440  24
  1871 -0.840  26       1921 -0.021  25       1971 -0.458  24
  1872  0.070  26       1922 -1.770  25       1972 -1.094  24  1
  1873 -0.582  26       1923 -0.356  25       1973  1.264  24
  1874 -0.521  26       1924  0.841  25       1974  0.378  24
  1875 -1.969  26       1925  0.221  25       1975  0.566  24
  1876  0.302  26       1926 -0.093  25       1976  0.021  24
  1877  0.003  26       1927 -0.956  25       1977 -2.464  24  1
  1878  1.925  26       1928  1.537  25       1978  0.163  24
  1879  0.791  26       1929  1.720  25       1979 -1.667  24  1

  1880 -0.179  26       1930  0.717  25       1980 -0.219  24
  1881 -0.747  26       1931  0.195  25       1981  1.343  24
  1882  1.669  26       1932 -0.876  25       1982  0.221  24
  1883  0.225  26       1933 -1.354  25       1983  1.036  24
  1884  1.503  26       1934 -1.724  25       1984 -1.649   1
  1885  0.461  26       1935 -0.153  25       1985 -1.005   1
  1886  0.340  26       1936 -0.793  25       1986  0.195   1
  1887 -1.605  26       1937 -1.986  25  2    1987  1.772   1
  1888 -1.804  26       1938 -0.100  25       1988  0.756   1
  1889  0.180  26       1939  0.926  25       1989  1.198   1

  1890  0.381  26       1940  1.107  25       1990  0.546   1
  1891 -0.197  26       1941  0.415  25       1991  1.516   1
  1892  0.609  26       1942  0.099  25       1992 -0.403   1
  1893 -1.285  26       1943  0.633  25       1993  2.968   1
  1894 -0.734  26       1944 -0.231  25       1994  1.137   1
  1895 -0.949  26       1945  0.940  25       1995  0.655   1
  1896 -1.053  26       1946  1.940  25       1996 -0.024   1  1<<
  1897  0.061  26       1947  0.444  25       1997 -0.220   1
  1898  0.630  26       1948 -2.300  25  2    1998 -0.902   1
  1899  0.900  26       1949 -1.115  25       1999 -0.246   1
------------------------------------------------------------------------------------------------------------------------------------
PART 4:  Master Bar Plot:                                                                          10:39  Wed 01 Aug 2018  Page   5
------------------------------------------------------------------------------------------------------------------------------------
   Year Rel value  Year Rel value  Year Rel value  Year Rel value  Year Rel value  Year Rel value  Year Rel value  Year Rel value
                   1600-------B    1650-------B    1700f           1750----------F 1800-------B    1850-------B    1900----------F
                   1601----a       1651------A     1701g           1751----a       1801--c         1851---------D  1901---b
                   1602-----@      1652----a       1702-----@      1752-----@      1802----a       1852----a       1902-------B
                   1603g           1653-e          1703-------B    1753-d          1803----a       1853-f          1903----------G
                   1604--c         1654---b        1704---------E  1754----a       1804-d          1854-d          1904-d
                   1605j           1655----a       1705---------D  1755---a        1805-------B    1855f           1905---------E
                   1606--------C   1656---------D  1706---------F  1756----------H 1806------A     1856---------E  1906-------B
                   1607-------B    1657--c         1707------A     1757h           1807---------D  1857-----@      1907f
                   1608---b        1658----a       1708---b        1758f           1808---------E  1858---------F  1908---b
                   1609--------C   1659--------C   1709------A     1759-------B    1809-d          1859-------B    1909f
                   1610--------C   1660-------B    1710--c         1760----a       1810--c         1860---------D  1910--c
                   1611--c         1661------A     1711------A     1761---b        1811-e          1861-------C    1911f
                   1612------A     1662-e          1712------A     1762-----@      1812------A     1862-------B    1912-----@
                   1613f           1663---b        1713--b         1763--c         1813--------C   1863----a       1913----------G
                   1614----------H 1664----a       1714----a       1764--------C   1814-------B    1864---b        1914---------E
                   1615-----@      1665-e          1715------A     1765------@     1815----a       1865--c         1915------A
                   1616---a        1666------A     1716f           1766--------C   1816g           1866----a       1916----------G
                   1617---b        1667----a       1717-------A    1767-----@      1817-----@      1867----------F 1917--c
                   1618----a       1668---------D  1718-e          1768------A     1818------A     1868-------B    1918-d
                   1619----------F 1669---------D  1719-------B    1769---------E  1819----a       1869-------B    1919-------A
   1570----------G 1620----a       1670--c         1720-----@      1770--c         1820---b        1870m           1920------A
   1571f           1621---------E  1671-------B    1721--------D   1771---b        1821--c         1871--c         1921-----@
   1572--------D   1622---------E  1672------A     1722f           1772j           1822-d          1872-----@      1922g
   1573---b        1623------A     1673---b        1723--c         1773---b        1823---------E  1873---b        1923---a
   1574-e          1624---b        1674-------B    1724------A     1774-d          1824----------G 1874---b        1924--------C
   1575--------C   1625----a       1675----a       1725---------E  1775------A     1825---------F  1875h           1925------A
   1576--------D   1626---------D  1676---------E  1726----------G 1776---b        1826-e          1876------A     1926-----@
   1577----a       1627---------E  1677j           1727---------D  1777-------B    1827------A     1877-----@      1927-d
   1578--c         1628----------F 1678-----@      1728------A     1778-------B    1828--c         1878----------H 1928----------F
   1579----------G 1629-e          1679-----@      1729-------B    1779----------F 1829-----@      1879--------C   1929----------G
   1580f           1630---b        1680---------D  1730-------B    1780------A     1830---------D  1880----a       1930--------C
   1581f           1631f           1681-e          1731-----@      1781---b        1831----a       1881--c         1931------A
   1582----a       1632h           1682--c         1732---b        1782----------F 1832----a       1882----------G 1932--d
   1583-------B    1633-d          1683--c         1733--c         1783--------C   1833-------C    1883------A     1933-e
   1584--c         1634-------B    1684-----@      1734-----@      1784---------D  1834-----@      1884----------F 1934g
   1585--c         1635-d          1685-----@      1735--c         1785----a       1835---b        1885-------B    1935----a
   1586-e          1636h           1686---------E  1736f           1786---b        1836--------D   1886------A     1936--c
   1587----------G 1637---b        1687-----@      1737---b        1787-----@      1837-------B    1887f           1937h
   1588--------D   1638--------D   1688-----@      1738------A     1788-------B    1838---------D  1888g           1938-----@
   1589----------G 1639--------C   1689--c         1739---b        1789---b        1839i           1889------A     1939--------D
   1590----------F 1640-------B    1690---b        1740---------E  1790h           1840-------A    1890-------B    1940---------D
   1591--------C   1641---------E  1691-e          1741i           1791-d          1841--c         1891----a       1941-------B
   1592----------K 1642---------D  1692--------C   1742-d          1792--c         1842--c         1892-------B    1942-----@
   1593g           1643----------F 1693--------D   1743--c         1793--------C   1843--c         1893-e          1943-------C
   1594---a        1644----a       1694---------E  1744--c         1794------@     1844--c         1894--c         1944----a
   1595----a       1645-----@      1695----------G 1745--------D   1795-----@      1845--------C   1895-d          1945--------D
   1596--c         1646f           1696-------B    1746---------E  1796--------C   1846----a       1896-d          1946----------H
   1597-e          1647------A     1697----a       1747----------F 1797---------E  1847----a       1897-----@      1947-------B
   1598----a       1648------A     1698-e          1748-------B    1798--c         1848----------H 1898-------C    1948i
   1599----------F 1649----------F 1699--c         1749--------C   1799-----@      1849-----@      1899--------D   1949-d
PART 4:  Master Bar Plot:                                                                          10:39  Wed 01 Aug 2018  Page   6
------------------------------------------------------------------------------------------------------------------------------------
   Year Rel value  Year Rel value  Year Rel value  Year Rel value  Year Rel value  Year Rel value  Year Rel value  Year Rel value
   1950-d          2000-d
   1951--c         2001f
   1952--------D   2002------A
   1953-----@      2003----a
   1954--------D   2004g
   1955--------C   2005----a
   1956--c         2006-----@
   1957--------D   2007---b
   1958-----@      2008--d
   1959----a       2009-------B
   1960-d          2010---------E
   1961----------F 2011-------B
   1962------A     2012--------D
   1963----------F 2013--------C
   1964-----@      2014---b
   1965-e          2015---------E
   1966------A     2016----------F
   1967--c         2017--------D
   1968-----@      2018f
   1969----a
   1970-------B
   1971---b
   1972-d
   1973---------E
   1974-------B
   1975-------B
   1976-----@
   1977j
   1978------A
   1979g
   1980----a
   1981---------E
   1982------A
   1983---------D
   1984g
   1985-d
   1986------A
   1987----------G
   1988--------C
   1989---------E
   1990-------B
   1991----------F
   1992---b
   1993----------L
   1994---------E
   1995--------C
   1996-----@
   1997----a
   1998--d
   1999----a
PART 5:  CORRELATION OF SERIES BY SEGMENTS:                                                        10:39  Wed 01 Aug 2018  Page   5
------------------------------------------------------------------------------------------------------------------------------------
 Correlations of  50-year dated segments, lagged  25 years
 Flags:  A = correlation under  0.3281 but highest as dated;  B = correlation higher at other than dated position

 Seq Series  Time_span   1575 1600 1625 1650 1675 1700 1725 1750 1775 1800 1825 1850 1875 1900 1925 1950
                         1624 1649 1674 1699 1724 1749 1774 1799 1824 1849 1874 1899 1924 1949 1974 1999
 --- -------- ---------  ---- ---- ---- ---- ---- ---- ---- ---- ---- ---- ---- ---- ---- ---- ---- ---- ---- ---- ---- ----
   1 SEH070B1 1639 2018             .20B .32A .38B .41  .35  .24B .40  .67  .54  .49  .71  .64  .41  .42
   2 125251   1697 1949                       .72  .74  .82  .71  .64  .78  .72  .71  .76  .75
   3 125261   1623 1983        .69  .70  .51  .64  .67  .75  .85  .82  .59  .49  .65  .76  .82  .78  .81
   4 125262   1570 1983   .51  .60  .67  .45  .55  .61  .67  .71  .75  .69  .70  .73  .77  .87  .84  .86
   5 125271   1726 1983                                 .74  .70  .60  .71  .68  .78  .85  .83  .83  .83
   6 125272   1764 1983                                      .52  .45  .59  .61  .76  .79  .79  .79  .82
   7 125281   1652 1983                  .68  .70  .62  .71  .80  .68  .73  .82  .82  .83  .85  .72  .75
   8 125282   1693 1983                       .70  .70  .65  .70  .76  .77  .75  .75  .79  .84  .69  .72
   9 125291   1736 1983                                 .83  .82  .79  .84  .85  .86  .92  .89  .81  .82
  10 125292   1718 1983                            .82  .85  .78  .73  .79  .80  .82  .87  .88  .87  .82
  11 125301   1709 1983                            .76  .84  .78  .60  .59  .69  .72  .80  .91  .87  .86
  12 125311   1596 1983   .45  .52  .70  .85  .84  .71  .85  .88  .73  .68  .68  .68  .81  .79  .59  .65
  13 125312   1667 1983                  .79  .78  .70  .84  .84  .64  .59  .71  .82  .86  .83  .81  .85
  14 125321   1720 1983                            .78  .84  .82  .67  .69  .83  .80  .80  .83  .83  .86
  15 125322   1752 1983                                      .76  .70  .71  .74  .79  .85  .87  .74  .78
  16 125341   1710 1983                            .75  .74  .68  .52  .54  .51  .66  .84  .82  .77  .83
  17 125351   1694 1902                       .77  .79  .77  .77  .69  .57  .65  .77  .79
  18 125352   1728 1983                                 .79  .66  .52  .65  .72  .76  .84  .87  .68  .65
  19 125361   1721 1983                            .73  .74  .50  .50  .74  .82  .84  .88  .87  .68  .68
  20 125362   1755 1983                                      .70  .74  .81  .78  .69  .79  .87  .87  .88
  21 125381   1649 1983             .58  .62  .82  .79  .75  .72  .71  .73  .73  .77  .87  .87  .73  .73
  22 125382   1671 1983                  .70  .71  .77  .83  .68  .45  .67  .82  .82  .88  .83  .73  .78
  23 125401   1669 1774                  .74  .74  .74  .75
  24 125402   1761 1983                                      .63  .60  .53  .68  .87  .88  .84  .77  .79
  25 125421   1688 1983                       .63  .82  .84  .67  .62  .74  .80  .82  .64  .61  .76  .84
  26 125422   1715 1983                            .85  .85  .78  .71  .73  .83  .86  .78  .76  .80  .79
  27 125423   1700 1983                            .74  .80  .63  .57  .68  .78  .85  .75  .74  .72  .72
 Av segment correlation  0.48 0.60 0.57 0.63 0.69 0.72 0.77 0.71 0.64 0.69 0.72 0.77 0.81 0.82 0.75 0.77
PART 6:  POTENTIAL PROBLEMS:                                                                       10:39  Wed 01 Aug 2018  Page   7
------------------------------------------------------------------------------------------------------------------------------------

 For each series with potential problems the following diagnostics may appear:

 [A] Correlations with master dating series of flagged  50-year segments of series filtered with  32-year spline,
     at every point from ten years earlier (-10) to ten years later (+10) than dated

 [B] Effect of those data values which most lower or raise correlation with master series
     Symbol following year indicates value in series is greater (>) or lesser (<) than master series value

 [C] Year-to-year changes very different from the mean change in other series

 [D] Absent rings (zero values)

 [E] Values which are statistical outliers from mean for the year
====================================================================================================================================

 SEH070B1  1639 to  2018     380 years                                                                                    Series   1

 [*] Later part of series cannot be checked from 1984 to 2018 -- not matched by another series

 [A] Segment   High   -10   -9   -8   -7   -6   -5   -4   -3   -2   -1    0   +1   +2   +3   +4   +5   +6   +7   +8   +9  +10
    ---------  ----   ---  ---  ---  ---  ---  ---  ---  ---  ---  ---  ---  ---  ---  ---  ---  ---  ---  ---  ---  ---  ---
    1639 1688    8    .08 -.27 -.16  .00 -.06  .02 -.22 -.15  .01 -.06  .20| .09  .07 -.04  .02 -.12 -.08  .10  .27* .18  .09
    1650 1699    0    .14 -.11 -.06 -.01 -.04  .02 -.24 -.07 -.01  .01  .32* .16 -.01 -.08 -.13 -.12 -.25  .07  .15  .23  .19
    1675 1724    9    .01  .09 -.03  .06  .22 -.09 -.07 -.11 -.10 -.03  .38| .14  .12 -.22 -.30 -.42 -.19  .01  .20  .40* .27
    - - - - - - - - - - - - - - - - - - - - - - - - - - - - - - - - - - - - - - - - - - - - - - - - - - - - - - - - - - - - -
    1750 1799    4    .07  .05 -.12  .04 -.09  .04  .03 -.11 -.33  .15  .24|-.05  .13  .05  .26* .05  .24 -.25 -.03 -.06  .19

 [B] Entire series, effect on correlation ( 0.488) is:
       Lower   1866>-0.014   1656<-0.011   1947>-0.011   1718>-0.009   1676<-0.007   1774>-0.006  Higher   1757 0.012   1839 0.010
     1639 to 1688 segment:
       Lower   1656<-0.068   1676<-0.037   1645>-0.029   1680<-0.018   1643<-0.017   1685>-0.015  Higher   1646 0.045   1686 0.030
     1650 to 1699 segment:
       Lower   1656<-0.084   1676<-0.048   1680<-0.024   1677>-0.018   1659<-0.016   1666>-0.015  Higher   1695 0.059   1686 0.028
     1675 to 1724 segment:
       Lower   1718>-0.066   1676<-0.050   1680<-0.025   1706<-0.024   1704<-0.023   1677>-0.019  Higher   1722 0.050   1695 0.050
     1750 to 1799 segment:
       Lower   1774>-0.059   1769<-0.036   1772>-0.032   1776>-0.027   1797<-0.016   1793<-0.016  Higher   1757 0.124   1756 0.057

 [D]    9 Absent rings:  Year   Master  N series Absent
                         1757   -2.067      25       1
                         1790   -1.917      26       1
                         1857   -0.024      26       1  >> WARNING:  Ring is not usually narrow
                         1937   -1.986      25       2
                         1965   -1.283      24       1
                         1972   -1.094      24       1
                         1979   -1.667      24       1
                         1996   -0.024       1       1  >> WARNING:  Ring is not usually narrow
                         2006   -0.024       1       1  >> WARNING:  Ring is not usually narrow

 [E] Outliers    17   3.0 SD above or -4.5 SD below mean for year
       1656 -4.6 SD;    1666 +4.6 SD;    1695 +3.3 SD;    1718 +5.0 SD;    1743 +3.9 SD;    1744 +3.1 SD;    1774 +3.5 SD;
       1776 +3.3 SD;    1809 +3.5 SD;    1811 +3.8 SD;    1833 +3.7 SD;    1866 +6.5 SD;    1870 +3.6 SD;    1901 +4.0 SD;
       1947 +6.0 SD;    1967 +3.8 SD;    1968 +4.1 SD
====================================================================================================================================

 125251    1697 to  1949     253 years                                                                                    Series   2

 [B] Entire series, effect on correlation ( 0.748) is:
       Lower   1856<-0.008   1791>-0.007   1725<-0.007   1784<-0.006   1940<-0.006   1883<-0.006  Higher   1870 0.007   1772 0.006

 [D]    2 Absent rings:  Year   Master  N series Absent
                         1870   -3.371      26      16
                         1937   -1.986      25       2

 [E] Outliers     3   3.0 SD above or -4.5 SD below mean for year
       1777 +3.9 SD;    1791 +4.0 SD;    1812 +3.1 SD
====================================================================================================================================

 125261    1623 to  1983     361 years                                                                                    Series   3

 [B] Entire series, effect on correlation ( 0.729) is:
       Lower   1686<-0.008   1828>-0.008   1827<-0.005   1858<-0.005   1661<-0.004   1813<-0.004  Higher   1870 0.008   1677 0.006

 [D]    2 Absent rings:  Year   Master  N series Absent
                         1677   -2.472       9       1
                         1870   -3.371      26      16

 [E] Outliers     3   3.0 SD above or -4.5 SD below mean for year
       1649 +3.0 SD;    1828 +3.4 SD;    1903 +3.4 SD
====================================================================================================================================

 125262    1570 to  1983     414 years                                                                                    Series   4

 [*] Early part of series cannot be checked from 1570 to 1595 -- not matched by another series

 [B] Entire series, effect on correlation ( 0.684) is:
       Lower   1614>-0.022   1599<-0.012   1686<-0.011   1620<-0.006   1653>-0.005   1714<-0.005  Higher   1870 0.011   1772 0.005

 [D]    1 Absent rings:  Year   Master  N series Absent
                         1870   -3.371      26      16

 [E] Outliers     7   3.0 SD above or -4.5 SD below mean for year
       1599 -5.6 SD;    1614 +7.8 SD;    1615 +4.1 SD;    1653 +3.6 SD;    1686 -5.4 SD;    1779 +3.1 SD;    1827 +3.4 SD
====================================================================================================================================

 125271    1726 to  1983     258 years                                                                                    Series   5

 [B] Entire series, effect on correlation ( 0.763) is:
       Lower   1851<-0.011   1733>-0.010   1784<-0.007   1763>-0.005   1827<-0.005   1794>-0.004  Higher   1870 0.010   1948 0.006

 [D]    1 Absent rings:  Year   Master  N series Absent
                         1870   -3.371      26      16

 [E] Outliers     1   3.0 SD above or -4.5 SD below mean for year
       1733 +3.7 SD
====================================================================================================================================

 125272    1764 to  1983     220 years                                                                                    Series   6

 [B] Entire series, effect on correlation ( 0.711) is:
       Lower   1784>-0.016   1782<-0.012   1835>-0.012   1797<-0.009   1882<-0.006   1969>-0.006  Higher   1870 0.010   1772 0.009

 [D]    1 Absent rings:  Year   Master  N series Absent
                         1870   -3.371      26      16

 [E] Outliers     5   3.0 SD above or -4.5 SD below mean for year
       1784 +5.6 SD;    1804 +3.5 SD;    1835 +4.8 SD;    1939 +3.2 SD;    1969 +3.5 SD
====================================================================================================================================

 125281    1652 to  1983     332 years                                                                                    Series   7

 [B] Entire series, effect on correlation ( 0.742) is:
       Lower   1959>-0.010   1726<-0.009   1747<-0.007   1727<-0.005   1906>-0.004   1803>-0.004  Higher   1870 0.011   1677 0.006

 [E] Outliers     7   3.0 SD above or -4.5 SD below mean for year
       1659 +3.5 SD;    1688 +3.3 SD;    1725 +3.2 SD;    1803 +3.8 SD;    1856 +3.7 SD;    1906 +3.6 SD;    1959 +5.0 SD
====================================================================================================================================

 125282    1693 to  1983     291 years                                                                                    Series   8

 [B] Entire series, effect on correlation ( 0.746) is:
       Lower   1726<-0.010   1972>-0.006   1952>-0.006   1756<-0.004   1883>-0.004   1723>-0.003  Higher   1870 0.007   1977 0.005

 [E] Outliers     5   3.0 SD above or -4.5 SD below mean for year
       1725 +3.1 SD;    1768 +3.1 SD;    1838 +3.6 SD;    1883 +3.2 SD;    1952 +4.0 SD
====================================================================================================================================

 125291    1736 to  1983     248 years                                                                                    Series   9

 [B] Entire series, effect on correlation ( 0.851) is:
       Lower   1942<-0.004   1973<-0.004   1777<-0.004   1821>-0.003   1827<-0.003   1799>-0.003  Higher   1870 0.005   1772 0.003

 [D]    1 Absent rings:  Year   Master  N series Absent
                         1870   -3.371      26      16

====================================================================================================================================

 125292    1718 to  1983     266 years                                                                                    Series  10

 [B] Entire series, effect on correlation ( 0.814) is:
       Lower   1981<-0.006   1859<-0.005   1964>-0.004   1836<-0.004   1799>-0.003   1764<-0.003  Higher   1870 0.005   1772 0.005

 [D]    2 Absent rings:  Year   Master  N series Absent
                         1744   -0.717      23       1
                         1870   -3.371      26      16

====================================================================================================================================

 125301    1709 to  1983     275 years                                                                                    Series  11

 [B] Entire series, effect on correlation ( 0.768) is:
       Lower   1834>-0.011   1882<-0.009   1807<-0.005   1883<-0.005   1745<-0.004   1711<-0.004  Higher   1870 0.007   1772 0.005

 [D]    1 Absent rings:  Year   Master  N series Absent
                         1870   -3.371      26      16

 [E] Outliers     3   3.0 SD above or -4.5 SD below mean for year
       1796 +3.8 SD;    1834 +4.7 SD;    1856 +3.3 SD
====================================================================================================================================

 125311    1596 to  1983     388 years                                                                                    Series  12

 [B] Entire series, effect on correlation ( 0.697) is:
       Lower   1614<-0.031   1935>-0.010   1967>-0.008   1599>-0.007   1620>-0.007   1659<-0.006  Higher   1677 0.005   1870 0.005

 [C] Year-to-year changes diverging by over 4.0 std deviations:
       1613 1614  -4.3 SD

 [D]    9 Absent rings:  Year   Master  N series Absent
                         1632   -2.029       3       1
                                                        Present in series    3  125261   time span  1623 to  1983
                                                        Present in series    4  125262   time span  1570 to  1983
                         1657   -0.665       6       1
                         1658   -0.192       6       1  >> WARNING:  Ring is not usually narrow
                         1659    0.760       6       1  >> WARNING:  Ring is not usually narrow
                         1660    0.608       6       1  >> WARNING:  Ring is not usually narrow
                         1741   -2.168      23       2
                         1742   -1.068      23       2
                         1870   -3.371      26      16
                         1950   -1.019      24       1

 [E] Outliers     7   3.0 SD above or -4.5 SD below mean for year
       1599 +5.6 SD;    1614 -7.8 SD;    1620 +3.6 SD;    1824 +3.4 SD;    1894 +3.2 SD;    1935 +6.3 SD;    1967 +4.5 SD
====================================================================================================================================

 125312    1667 to  1983     317 years                                                                                    Series  13

 [B] Entire series, effect on correlation ( 0.797) is:
       Lower   1825<-0.006   1709<-0.005   1848<-0.004   1807<-0.004   1810>-0.004   1849>-0.003  Higher   1870 0.007   1677 0.005

 [D]    5 Absent rings:  Year   Master  N series Absent
                         1741   -2.168      23       2
                         1742   -1.068      23       2
                         1804   -1.058      26       1
                         1870   -3.371      26      16
                         1948   -2.300      25       2

 [E] Outliers     1   3.0 SD above or -4.5 SD below mean for year
       1824 +3.1 SD
====================================================================================================================================

 125321    1720 to  1983     264 years                                                                                    Series  14

 [B] Entire series, effect on correlation ( 0.795) is:
       Lower   1824<-0.016   1923>-0.006   1803>-0.005   1801>-0.005   1956>-0.004   1721<-0.004  Higher   1870 0.008   1839 0.006

 [D]    1 Absent rings:  Year   Master  N series Absent
                         1948   -2.300      25       2

 [E] Outliers     4   3.0 SD above or -4.5 SD below mean for year
       1803 +3.3 SD;    1824 -4.7 SD;    1872 +3.1 SD;    1923 +3.4 SD
====================================================================================================================================

 125322    1752 to  1983     232 years                                                                                    Series  15

 [B] Entire series, effect on correlation ( 0.778) is:
       Lower   1961<-0.014   1828>-0.008   1969>-0.007   1818<-0.006   1802>-0.006   1766<-0.006  Higher   1870 0.009   1757 0.007

 [D]    1 Absent rings:  Year   Master  N series Absent
                         1870   -3.371      26      16

 [E] Outliers     4   3.0 SD above or -4.5 SD below mean for year
       1756 +4.4 SD;    1802 +3.3 SD;    1828 +3.6 SD;    1969 +3.4 SD
====================================================================================================================================

 125341    1710 to  1983     274 years                                                                                    Series  16

 [B] Entire series, effect on correlation ( 0.697) is:
       Lower   1769<-0.008   1841>-0.008   1852>-0.006   1811>-0.006   1918>-0.006   1928<-0.004  Higher   1870 0.011   1757 0.007

 [D]    1 Absent rings:  Year   Master  N series Absent
                         1870   -3.371      26      16

 [E] Outliers     5   3.0 SD above or -4.5 SD below mean for year
       1782 +4.0 SD;    1833 +3.6 SD;    1834 +3.2 SD;    1841 +3.3 SD;    1918 +3.0 SD
====================================================================================================================================

 125351    1694 to  1902     209 years                                                                                    Series  17

 [B] Entire series, effect on correlation ( 0.731) is:
       Lower   1837<-0.007   1728>-0.006   1843>-0.006   1898<-0.006   1831<-0.005   1854>-0.005  Higher   1870 0.013   1878 0.006

 [E] Outliers     2   3.0 SD above or -4.5 SD below mean for year
       1728 +3.4 SD;    1830 +3.6 SD
====================================================================================================================================

 125352    1728 to  1983     256 years                                                                                    Series  18

 [B] Entire series, effect on correlation ( 0.728) is:
       Lower   1954<-0.009   1961<-0.008   1779<-0.007   1854>-0.006   1938<-0.005   1819>-0.004  Higher   1870 0.014   1977 0.007

 [D]    1 Absent rings:  Year   Master  N series Absent
                         1977   -2.464      24       1

 [E] Outliers     4   3.0 SD above or -4.5 SD below mean for year
       1784 +3.1 SD;    1785 +3.0 SD;    1800 +3.2 SD;    1854 +3.3 SD
====================================================================================================================================

 125361    1721 to  1983     263 years                                                                                    Series  19

 [B] Entire series, effect on correlation ( 0.739) is:
       Lower   1782<-0.010   1769<-0.008   1799>-0.006   1953>-0.006   1811<-0.006   1768<-0.005  Higher   1870 0.010   1839 0.008

 [D]    1 Absent rings:  Year   Master  N series Absent
                         1870   -3.371      26      16

 [E] Outliers     5   3.0 SD above or -4.5 SD below mean for year
       1796 +3.1 SD;    1799 +4.1 SD;    1953 +3.4 SD;    1968 +3.4 SD;    1970 +3.7 SD
====================================================================================================================================

 125362    1755 to  1983     229 years                                                                                    Series  20

 [B] Entire series, effect on correlation ( 0.799) is:
       Lower   1895>-0.019   1769<-0.011   1856<-0.008   1813<-0.008   1805>-0.004   1768<-0.004  Higher   1870 0.009   1839 0.006

 [D]    1 Absent rings:  Year   Master  N series Absent
                         1870   -3.371      26      16

 [E] Outliers     2   3.0 SD above or -4.5 SD below mean for year
       1805 +3.6 SD;    1895 +5.2 SD
====================================================================================================================================

 125381    1649 to  1983     335 years                                                                                    Series  21

 [B] Entire series, effect on correlation ( 0.738) is:
       Lower   1950>-0.007   1649<-0.007   1674<-0.006   1657>-0.006   1662>-0.005   1838<-0.004  Higher   1677 0.006   1870 0.005

 [D]    1 Absent rings:  Year   Master  N series Absent
                         1870   -3.371      26      16

 [E] Outliers     9   3.0 SD above or -4.5 SD below mean for year
       1656 +3.3 SD;    1657 +4.2 SD;    1658 +3.3 SD;    1680 +3.2 SD;    1754 +3.3 SD;    1806 +3.2 SD;    1882 +3.1 SD;
       1939 +3.2 SD;    1950 +3.1 SD
====================================================================================================================================

 125382    1671 to  1983     313 years                                                                                    Series  22

 [B] Entire series, effect on correlation ( 0.753) is:
       Lower   1798>-0.011   1823<-0.006   1844>-0.006   1946<-0.005   1789>-0.004   1800<-0.004  Higher   1839 0.006   1870 0.006

 [D]    1 Absent rings:  Year   Master  N series Absent
                         1870   -3.371      26      16

 [E] Outliers     3   3.0 SD above or -4.5 SD below mean for year
       1798 +4.3 SD;    1844 +3.3 SD;    1961 +3.2 SD
====================================================================================================================================

 125401    1669 to  1774     106 years                                                                                    Series  23

 [B] Entire series, effect on correlation ( 0.749) is:
       Lower   1678<-0.014   1750<-0.013   1766<-0.011   1679<-0.009   1735>-0.009   1712<-0.009  Higher   1677 0.014   1756 0.012

 [E] Outliers     2   3.0 SD above or -4.5 SD below mean for year
       1686 +3.3 SD;    1740 +3.2 SD
====================================================================================================================================

 125402    1761 to  1983     223 years                                                                                    Series  24

 [B] Entire series, effect on correlation ( 0.743) is:
       Lower   1839>-0.007   1939<-0.006   1831>-0.006   1791>-0.006   1951>-0.005   1805<-0.005  Higher   1870 0.013   1977 0.005

 [E] Outliers     1   3.0 SD above or -4.5 SD below mean for year
       1861 +3.3 SD
====================================================================================================================================

 125421    1688 to  1983     296 years                                                                                    Series  25

 [B] Entire series, effect on correlation ( 0.724) is:
       Lower   1776>-0.011   1903<-0.011   1925>-0.008   1689>-0.006   1777<-0.006   1690<-0.005  Higher   1870 0.009   1839 0.006

 [E] Outliers     5   3.0 SD above or -4.5 SD below mean for year
       1689 +3.2 SD;    1776 +4.5 SD;    1903 -4.6 SD;    1910 +3.1 SD;    1925 +4.3 SD
====================================================================================================================================

 125422    1715 to  1983     269 years                                                                                    Series  26

 [B] Entire series, effect on correlation ( 0.790) is:
       Lower   1800<-0.007   1903<-0.006   1767<-0.006   1945>-0.004   1720<-0.004   1811>-0.004  Higher   1870 0.004   1741 0.004

 [E] Outliers     1   3.0 SD above or -4.5 SD below mean for year
       1945 +3.1 SD
====================================================================================================================================

 125423    1700 to  1983     284 years                                                                                    Series  27

 [B] Entire series, effect on correlation ( 0.717) is:
       Lower   1784<-0.009   1706<-0.009   1777<-0.008   1975<-0.006   1927>-0.006   1903<-0.006  Higher   1870 0.008   1839 0.008

 [E] Outliers     3   3.0 SD above or -4.5 SD below mean for year
       1769 +3.0 SD;    1784 -4.5 SD;    1898 +3.3 SD
====================================================================================================================================
PART 7:  DESCRIPTIVE STATISTICS:                                                                   10:39  Wed 01 Aug 2018  Page   8
------------------------------------------------------------------------------------------------------------------------------------

                                                Corr   //-------- Unfiltered --------\\  //---- Filtered -----\\
                           No.    No.    No.    with   Mean   Max     Std   Auto   Mean   Max     Std   Auto  AR
 Seq Series   Interval   Years  Segmt  Flags   Master  msmt   msmt    dev   corr   sens  value    dev   corr  ()
 --- -------- ---------  -----  -----  -----   ------ -----  -----  -----  -----  -----  -----  -----  -----  --
   1 SEH070B1 1639 2018    380     14      4   0.488   0.38   2.04  0.399  0.851  0.462   2.14  0.579  0.010   2
   2 125251   1697 1949    253     10      0   0.748   0.42   1.05  0.203  0.541  0.370   1.02  0.403  0.003   1
   3 125261   1623 1983    361     15      0   0.729   0.42   1.47  0.228  0.716  0.332   1.24  0.384  0.006   2
   4 125262   1570 1983    414     16      0   0.684   0.51   1.81  0.290  0.747  0.334   1.59  0.393  0.002   3
   5 125271   1726 1983    258     10      0   0.763   0.47   1.79  0.289  0.714  0.358   1.10  0.409  0.010   1
   6 125272   1764 1983    220      9      0   0.711   0.52   1.34  0.261  0.659  0.345   1.58  0.403  0.017   1
   7 125281   1652 1983    332     13      0   0.742   0.73   3.18  0.420  0.752  0.288   1.13  0.348 -0.003   1
   8 125282   1693 1983    291     12      0   0.746   0.61   1.48  0.267  0.702  0.274   1.26  0.354 -0.019   1
   9 125291   1736 1983    248     10      0   0.851   0.55   1.74  0.281  0.625  0.360   0.81  0.367  0.000   1
  10 125292   1718 1983    266     11      0   0.814   0.52   1.65  0.233  0.578  0.341   1.18  0.391 -0.002   1
  11 125301   1709 1983    275     11      0   0.768   0.60   1.69  0.304  0.652  0.327   1.08  0.367 -0.004   1
  12 125311   1596 1983    388     16      0   0.697   0.43   2.04  0.287  0.769  0.389   1.60  0.456  0.000   1
  13 125312   1667 1983    317     13      0   0.797   0.62   2.32  0.365  0.799  0.317   1.03  0.365 -0.002   4
  14 125321   1720 1983    264     11      0   0.795   0.49   1.64  0.266  0.684  0.369   0.90  0.401 -0.004   1
  15 125322   1752 1983    232      9      0   0.778   0.42   1.62  0.187  0.533  0.329   1.55  0.391 -0.006   1
  16 125341   1710 1983    274     11      0   0.697   0.66   2.17  0.473  0.821  0.331   1.32  0.381  0.005   1
  17 125351   1694 1902    209      9      0   0.731   0.89   1.87  0.345  0.627  0.266   0.97  0.335 -0.010   1
  18 125352   1728 1983    256     10      0   0.728   0.78   2.13  0.359  0.691  0.297   1.15  0.367  0.021   1
  19 125361   1721 1983    263     11      0   0.739   0.77   2.06  0.399  0.667  0.380   1.05  0.427 -0.008   1
  20 125362   1755 1983    229      9      0   0.799   0.60   2.05  0.315  0.611  0.369   1.05  0.411 -0.001   1
  21 125381   1649 1983    335     14      0   0.738   0.69   2.96  0.480  0.787  0.346   1.34  0.412 -0.004   4
  22 125382   1671 1983    313     13      0   0.753   0.56   1.60  0.325  0.753  0.348   1.29  0.407 -0.006   4
  23 125401   1669 1774    106      4      0   0.749   0.35   0.97  0.179  0.592  0.383   1.13  0.428 -0.003   1
  24 125402   1761 1983    223      9      0   0.743   0.57   1.48  0.294  0.750  0.313   0.93  0.362  0.011   1
  25 125421   1688 1983    296     12      0   0.724   0.47   1.20  0.223  0.629  0.368   1.05  0.428 -0.002   1
  26 125422   1715 1983    269     11      0   0.790   0.60   1.42  0.264  0.601  0.348   1.23  0.413  0.002   1
  27 125423   1700 1983    284     11      0   0.717   0.55   1.66  0.253  0.642  0.310   1.04  0.391  0.017   1
 --- -------- ---------  -----  -----  -----   ------ -----  -----  -----  -----  -----  -----  -----  -----  --
 Total or mean:           7556    304      4   0.737   0.56   3.18  0.309  0.696  0.344   2.14  0.402  0.001

                                              - = [  COFECHA TST02COF  ] = -
