[]  Dendrochronology Program Library                                        Run CHK06  Program COF  14:03  Wed 15 Aug 2018  Page   1
[]
[]  P R O G R A M      C O F E C H A                                                                          Version 6.06P    30544
------------------------------------------------------------------------------------------------------------------------------------

 QUALITY CONTROL AND DATING CHECK OF TREE-RING MEASUREMENTS                                                   COF12K.for

 File of DATED series:   seh_bepa06.rwl

 CONTENTS:

    Part 1:  Title page, options selected, summary, absent rings by series
    Part 2:  Histogram of time spans
    Part 3:  Master series with sample depth and absent rings by year
    Part 4:  Bar plot of Master Dating Series
    Part 5:  Correlation by segment of each series with Master
    Part 6:  Potential problems: low correlation, divergent year-to-year changes, absent rings, outliers
    Part 7:  Descriptive statistics

 RUN CONTROL OPTIONS SELECTED                             VALUE

         1  Cubic smoothing spline 50% wavelength cutoff for filtering
                                                            32 years
         2  Segments examined are                           50 years lagged successively by  25 years
         3  Autoregressive model applied                     A  Residuals are used in master dating series and testing
         4  Series not transformed to logarithms             N
         5  CORRELATION is Pearson (parametric, quantitative)
            Critical correlation, 99% confidence level  0.3281
         6  Master dating series saved                       N
         7  Ring measurements listed                         N
         8  Parts printed                              1234567 
         9  Absent rings are omitted from master series and segment correlations  (Y)

 Time span of Master dating series is  1768 to  2018   251 years
 Continuous time span is               1768 to  2018   251 years
 Portion with two or more series is    1776 to  2018   243 years


                                        ****************************************
                                        *C* Number of dated series        24 *C*
                                        *O* Master series 1768 2018  251 yrs *O*
                                        *F* Total rings in all series   3498 *F*
                                        *E* Total dated rings checked   3490 *E*
                                        *C* Series intercorrelation    0.546 *C*
                                        *H* Average mean sensitivity   0.387 *H*
                                        *A* Segments, possible problems   10 *A*
                                        *** Mean length of series      145.0 ***
                                        ****************************************

 ABSENT RINGS listed by SERIES:            (See Master Dating Series for absent rings listed by year)

 SEH008A1    1 absent rings:   1803
 SEH008B1    1 absent rings:   1853

             2 absent rings   0.057%
PART 2:  TIME PLOT OF TREE-RING SERIES:                                                            14:03  Wed 15 Aug 2018  Page   2
------------------------------------------------------------------------------------------------------------------------------------
 1050 1100 1150 1200 1250 1300 1350 1400 1450 1500 1550 1600 1650 1700 1750 1800 1850 1900 1950 2000 2050 Ident   Seq Time-span  Yrs
   :    :    :    :    :    :    :    :    :    :    :    :    :    :    :    :    :    :    :    :    : -------- --- ---- ---- ----
   .    .    .    .    .    .    .    .    .    .    .    .    .    .    .    .    .    <==========>   . SEH006A1   1 1902 2018  117
   .    .    .    .    .    .    .    .    .    .    .    .    .    .    .    .    .    <==========>   . SEH006B1   2 1906 2018  113
   .    .    .    .    .    .    .    .    .    .    .    .    .    .    .    .    .    <==========>   . SEH007A1   3 1906 2018  113
   .    .    .    .    .    .    .    .    .    .    .    .    .    .    .    .    .  <============>   . SEH007B1   4 1888 2018  131
   .    .    .    .    .    .    .    .    .    .    .    .    .    .    .<========================>   . SEH008A1   5 1768 2018  251
   .    .    .    .    .    .    .    .    .    .    .    .    .    .    .   <=====================>   . SEH008B1   6 1799 2018  220
   .    .    .    .    .    .    .    .    .    .    .    .    .    .    .    .    .    .   <======>   . SEH022A1   7 1945 2018   74
   .    .    .    .    .    .    .    .    .    .    .    .    .    .    .    .    .    .  <=======>   . SEH022B1   8 1933 2018   86
   .    .    .    .    .    .    .    .    .    .    .    .    .    .    .    <====================>   . SEH024A1   9 1805 2018  214
   .    .    .    .    .    .    .    .    .    .    .    .    .    .    .    . <==================>   . SEH024B1  10 1820 2018  199
   .    .    .    .    .    .    .    .    .    .    .    .    .    .    .    .    .  <============>   . SEH027A1  11 1889 2018  130
   .    .    .    .    .    .    .    .    .    .    .    .    .    .    .    .    .   <===========>   . SEH027B1  12 1896 2018  123
   .    .    .    .    .    .    .    .    .    .    .    .    .    .    .    .    .    <==========>   . SEH056A1  13 1902 2018  117
   .    .    .    .    .    .    .    .    .    .    .    .    .    .    .    .    .    <==========>   . SEH056B1  14 1905 2018  114
   .    .    .    .    .    .    .    .    .    .    .    .    .    .    .    .    .    .<=========>   . SEH061A1  15 1913 2018  106
   .    .    .    .    .    .    .    .    .    .    .    .    .    .    .    .    . <=============>   . SEH061B1  16 1878 2018  141
   .    .    .    .    .    .    .    .    .    .    .    .    .    .    .    .    . <=============>   . SEH067A1  17 1872 2018  147
   .    .    .    .    .    .    .    .    .    .    .    .    .    .    .    .    .   <===========>   . SEH067B1  18 1894 2018  125
   .    .    .    .    .    .    .    .    .    .    .    .    .    .    .    .    .<==============>   . SEH072A1  19 1865 2018  154
   .    .    .    .    .    .    .    .    .    .    .    .    .    .    .    .    .   <===========>   . SEH072B1  20 1899 2018  120
   .    .    .    .    .    .    .    .    .    .    .    .    .    .    . <=======================>   . SEH074A1  21 1776 2018  243
   .    .    .    .    .    .    .    .    .    .    .    .    .    .    .  <======================>   . SEH074B1  22 1782 2018  237
   .    .    .    .    .    .    .    .    .    .    .    .    .    .    .    .    .    .<=========>   . SEH075A1  23 1913 2018  106
   .    .    .    .    .    .    .    .    .    .    .    .    .    .    .    .    .    <==========>   . SEH075B1  24 1902 2018  117
   :    :    :    :    :    :    :    :    :    :    :    :    :    :    :    :    :    :    :    :    :
 1050 1100 1150 1200 1250 1300 1350 1400 1450 1500 1550 1600 1650 1700 1750 1800 1850 1900 1950 2000 2050
PART 3:  Master Dating Series:                                                                     14:03  Wed 15 Aug 2018  Page   3
------------------------------------------------------------------------------------------------------------------------------------
  Year  Value  No Ab    Year  Value  No Ab    Year  Value  No Ab    Year  Value  No Ab    Year  Value  No Ab    Year  Value  No Ab
  ------------------    ------------------    ------------------    ------------------    ------------------    ------------------
                        1800  1.301   4       1850  0.139   6       1900  0.061  14       1950 -0.121  24       2000  1.371  24
                        1801  1.687   4       1851 -0.771   6       1901  0.475  14       1951  1.096  24       2001  1.171  24
                        1802  0.231   4       1852  1.428   6       1902  0.421  17       1952  0.408  24       2002 -0.819  24
                        1803 -1.373   4  1    1853 -0.709   6  1    1903 -0.089  17       1953  0.157  24       2003  0.931  24
                        1804 -0.831   4       1854  0.015   6       1904 -0.606  17       1954 -0.223  24       2004  0.691  24
                        1805 -0.394   5       1855  1.267   6       1905  0.390  18       1955  1.409  24       2005 -0.420  24
                        1806  0.657   5       1856  1.815   6       1906  1.543  20       1956  0.192  24       2006 -2.358  24
                        1807  0.648   5       1857 -0.412   6       1907 -0.624  20       1957  0.615  24       2007 -1.268  24
                        1808 -0.266   5       1858 -0.380   6       1908  1.194  20       1958  1.087  24       2008 -0.675  24
                        1809  0.485   5       1859 -1.046   6       1909 -0.285  20       1959  0.355  24       2009 -1.263  24

                        1810  0.318   5       1860 -1.244   6       1910 -2.154  20       1960 -0.218  24       2010 -1.622  24
                        1811 -0.038   5       1861  0.084   6       1911 -1.387  20       1961  0.629  24       2011 -0.440  24
                        1812  3.191   5       1862 -0.501   6       1912  0.349  20       1962  0.258  24       2012 -0.059  24
                        1813  0.388   5       1863 -0.244   6       1913  0.949  22       1963 -0.214  24       2013 -0.209  24
                        1814  0.106   5       1864 -0.766   6       1914  1.478  22       1964 -0.417  24       2014  0.510  24
                        1815 -0.988   5       1865  1.047   7       1915 -0.937  22       1965  0.086  24       2015  1.890  24
                        1816 -0.702   5       1866 -0.464   7       1916  0.208  22       1966 -1.022  24       2016  1.032  24
                        1817 -1.082   5       1867  0.073   7       1917 -0.923  22       1967 -1.610  24       2017  1.533  24
  1768 -0.448   1       1818  0.933   5       1868 -1.176   7       1918 -0.476  22       1968 -0.704  24       2018 -1.600  24
  1769  2.512   1       1819  0.510   5       1869 -0.073   7       1919  0.408  22       1969  1.183  24

  1770  1.307   1       1820 -0.947   6       1870 -0.793   7       1920  0.709  22       1970 -0.322  24
  1771 -0.981   1       1821 -1.227   6       1871  0.160   7       1921 -0.943  22       1971 -0.489  24
  1772 -2.128   1       1822 -0.237   6       1872  1.246   8       1922  2.172  22       1972  1.123  24
  1773  1.286   1       1823 -0.016   6       1873  1.832   8       1923  1.131  22       1973  0.673  24
  1774 -1.341   1       1824  0.193   6       1874  1.267   8       1924 -0.176  22       1974  0.164  24
  1775 -2.318   1       1825 -1.682   6       1875  0.652   8       1925 -0.931  22       1975  1.080  24
  1776 -1.162   2       1826 -0.960   6       1876  0.965   8       1926 -0.482  22       1976  0.069  24
  1777  0.779   2       1827 -0.172   6       1877 -0.601   8       1927 -0.072  22       1977 -1.772  24
  1778 -0.837   2       1828  1.740   6       1878 -1.206   9       1928  0.683  22       1978  0.149  24
  1779  0.699   2       1829  1.133   6       1879 -0.610   9       1929  1.149  22       1979  0.694  24

  1780  0.405   2       1830 -1.048   6       1880  0.143   9       1930 -0.177  22       1980  0.166  24
  1781  1.634   2       1831  0.706   6       1881 -0.404   9       1931 -0.831  22       1981  0.270  24
  1782 -0.744   3       1832  0.046   6       1882  0.280   9       1932  0.313  22       1982  1.031  24
  1783  0.753   3       1833  0.057   6       1883  0.377   9       1933 -0.443  23       1983  0.542  24
  1784  1.549   3       1834 -0.900   6       1884 -1.527   9       1934 -1.490  23       1984 -1.795  24
  1785  0.335   3       1835  0.989   6       1885  0.870   9       1935  0.361  23       1985  0.004  24
  1786  0.411   3       1836  0.832   6       1886 -0.358   9       1936 -1.015  23       1986 -0.149  24
  1787  0.064   3       1837  1.121   6       1887 -0.159   9       1937 -0.667  23       1987 -2.097  24
  1788 -0.161   3       1838  0.492   6       1888  1.516  10       1938 -0.484  23       1988 -1.206  24
  1789  0.484   3       1839 -1.260   6       1889 -0.341  11       1939  2.045  23       1989  0.518  24

  1790 -1.396   3       1840  0.190   6       1890  0.557  11       1940  2.371  23       1990 -0.062  24
  1791 -3.085   3       1841  0.939   6       1891 -0.830  11       1941  0.731  23       1991  0.001  24
  1792 -0.310   3       1842 -0.466   6       1892  0.733  11       1942 -0.073  23       1992 -1.009  24
  1793 -0.340   3       1843  0.045   6       1893 -0.224  11       1943 -0.290  23       1993 -0.224  24
  1794  1.216   3       1844 -0.759   6       1894 -0.099  12       1944 -0.529  23       1994 -0.517  24
  1795 -0.429   3       1845 -0.996   6       1895 -2.312  12       1945 -1.341  24       1995  0.254  24
  1796 -1.181   3       1846 -0.009   6       1896  0.069  13       1946 -0.002  24       1996 -0.426  24
  1797 -0.264   3       1847 -1.348   6       1897 -1.062  13       1947 -1.105  24       1997  2.100  24
  1798 -0.305   3       1848  1.661   6       1898  0.593  13       1948 -1.558  24       1998  1.599  24
  1799  0.248   4       1849  0.016   6       1899  1.207  14       1949 -0.582  24       1999  0.625  24
------------------------------------------------------------------------------------------------------------------------------------
PART 4:  Master Bar Plot:                                                                          14:03  Wed 15 Aug 2018  Page   4
------------------------------------------------------------------------------------------------------------------------------------
   Year Rel value  Year Rel value  Year Rel value  Year Rel value  Year Rel value  Year Rel value  Year Rel value  Year Rel value
                   1800---------E  1850------A     1900-----@      1950----@       2000---------E
                   1801----------G 1851--c         1901-------B    1951---------D  2001---------E
                   1802------A     1852----------F 1902-------B    1952-------B    2002--c
                   1803e           1853--c         1903-----@      1953------A     2003---------D
                   1804--c         1854-----@      1904--b         1954----a       2004--------C
                   1805---b        1855---------E  1905-------B    1955---------F  2005---b
                   1806--------C   1856----------G 1906----------F 1956------A     2006i
                   1807--------C   1857---b        1907--b         1957--------B   2007-e
                   1808----a       1858---b        1908---------E  1958---------D  2008--c
                   1809-------B    1859-d          1909----a       1959-------A    2009-e
                   1810-------A    1860-e          1910i           1960----a       2010f
                   1811-----@      1861-----@      1911f           1961--------C   2011---b
                   1812----------M 1862---b        1912-------A    1962------A     2012-----@
                   1813-------B    1863----a       1913---------D  1963----a       2013----a
                   1814------@     1864--c         1914----------F 1964---b        2014-------B
                   1815-d          1865---------D  1915-d          1965-----@      2015----------H
                   1816--c         1866---b        1916------A     1966-d          2016---------D
                   1817-d          1867-----@      1917-d          1967f           2017----------F
   1768---b        1818---------D  1868-e          1918---b        1968--c         2018f
   1769----------J 1819-------B    1869-----@      1919-------B    1969---------E
   1770---------E  1820-d          1870--c         1920--------C   1970----a
   1771-d          1821-e          1871------A     1921-d          1971---b
   1772i           1822----a       1872---------E  1922----------I 1972---------D
   1773---------E  1823-----@      1873----------G 1923---------E  1973--------C
   1774e           1824------A     1874---------E  1924----a       1974------A
   1775i           1825g           1875--------C   1925-d          1975---------D
   1776-e          1826-d          1876---------D  1926---b        1976-----@
   1777--------C   1827----a       1877---b        1927-----@      1977g
   1778--c         1828----------G 1878-e          1928--------C   1978------A
   1779--------C   1829---------E  1879--b         1929---------E  1979--------C
   1780-------B    1830-d          1880------A     1930----a       1980------A
   1781----------G 1831--------C   1881---b        1931--c         1981------A
   1782--c         1832-----@      1882------A     1932-------A    1982---------D
   1783--------C   1833-----@      1883-------B    1933---b        1983-------B
   1784----------F 1834--d         1884f           1934f           1984g
   1785-------A    1835---------D  1885--------C   1935-------A    1985-----@
   1786-------B    1836--------C   1886---a        1936-d          1986----a
   1787-----@      1837---------D  1887----a       1937--c         1987h
   1788----a       1838-------B    1888----------F 1938---b        1988-e
   1789-------B    1839-e          1889---a        1939----------H 1989-------B
   1790f           1840------A     1890-------B    1940----------I 1990-----@
   1791l           1841---------D  1891--c         1941--------C   1991-----@
   1792----a       1842---b        1892--------C   1942-----@      1992-d
   1793---a        1843-----@      1893----a       1943----a       1993----a
   1794---------E  1844--c         1894-----@      1944---b        1994---b
   1795---b        1845-d          1895i           1945e           1995------A
   1796-e          1846-----@      1896-----@      1946-----@      1996---b
   1797----a       1847e           1897-d          1947-d          1997----------H
   1798----a       1848----------G 1898--------B   1948f           1998----------F
   1799------A     1849-----@      1899---------E  1949---b        1999--------B
PART 5:  CORRELATION OF SERIES BY SEGMENTS:                                                        14:03  Wed 15 Aug 2018  Page   5
------------------------------------------------------------------------------------------------------------------------------------
 Correlations of  50-year dated segments, lagged  25 years
 Flags:  A = correlation under  0.3281 but highest as dated;  B = correlation higher at other than dated position

 Seq Series  Time_span   1775 1800 1825 1850 1875 1900 1925 1950 1975
                         1824 1849 1874 1899 1924 1949 1974 1999 2024
 --- -------- ---------  ---- ---- ---- ---- ---- ---- ---- ---- ---- ---- ---- ---- ---- ---- ---- ---- ---- ---- ---- ----
   1 SEH006A1 1902 2018                            .65  .48  .39  .47
   2 SEH006B1 1906 2018                            .62  .44  .32A .55
   3 SEH007A1 1906 2018                            .59  .60  .45  .55
   4 SEH007B1 1888 2018                       .49  .63  .61  .45  .46
   5 SEH008A1 1768 2018   .10B .37  .36  .41  .64  .49  .36B .48  .60
   6 SEH008B1 1799 2018   .35  .35  .23A .47  .69  .54  .43  .60  .59
   7 SEH022A1 1945 2018                                 .60  .58  .65
   8 SEH022B1 1933 2018                                 .72  .80  .86
   9 SEH024A1 1805 2018        .31A .44  .61  .70  .63  .51  .75  .77
  10 SEH024B1 1820 2018        .37  .46  .62  .68  .58  .57  .67  .71
  11 SEH027A1 1889 2018                       .27A .47  .27A .21B .58
  12 SEH027B1 1896 2018                       .55  .53  .33  .20B .49
  13 SEH056A1 1902 2018                            .75  .38  .23A .45
  14 SEH056B1 1905 2018                            .57  .46  .45  .63
  15 SEH061A1 1913 2018                            .50  .52  .63  .70
  16 SEH061B1 1878 2018                       .45  .64  .73  .79  .79
  17 SEH067A1 1872 2018                  .48  .46  .56  .52  .61  .72
  18 SEH067B1 1894 2018                       .62  .59  .45  .44  .59
  19 SEH072A1 1865 2018                  .51  .54  .61  .50  .53  .71
  20 SEH072B1 1899 2018                       .61  .60  .48  .58  .73
  21 SEH074A1 1776 2018   .39  .48  .48  .64  .67  .53  .44  .41  .62
  22 SEH074B1 1782 2018   .48  .61  .53  .46  .57  .59  .52  .53  .71
  23 SEH075A1 1913 2018                            .55  .52  .58  .50
  24 SEH075B1 1902 2018                            .61  .68  .68  .68
 Av segment correlation  0.33 0.42 0.42 0.52 0.57 0.58 0.50 0.51 0.63
PART 6:  POTENTIAL PROBLEMS:                                                                       14:03  Wed 15 Aug 2018  Page   5
------------------------------------------------------------------------------------------------------------------------------------

 For each series with potential problems the following diagnostics may appear:

 [A] Correlations with master dating series of flagged  50-year segments of series filtered with  32-year spline,
     at every point from ten years earlier (-10) to ten years later (+10) than dated

 [B] Effect of those data values which most lower or raise correlation with master series
     Symbol following year indicates value in series is greater (>) or lesser (<) than master series value

 [C] Year-to-year changes very different from the mean change in other series

 [D] Absent rings (zero values)

 [E] Values which are statistical outliers from mean for the year
====================================================================================================================================

 SEH006A1  1902 to  2018     117 years                                                                                    Series   1

 [B] Entire series, effect on correlation ( 0.523) is:
       Lower   1997<-0.034   1920<-0.013   1962<-0.012   2000<-0.011   2017<-0.011   1955<-0.010  Higher   1939 0.022   1922 0.019

====================================================================================================================================

 SEH006B1  1906 to  2018     113 years                                                                                    Series   2

 [A] Segment   High   -10   -9   -8   -7   -6   -5   -4   -3   -2   -1    0   +1   +2   +3   +4   +5   +6   +7   +8   +9  +10
    ---------  ----   ---  ---  ---  ---  ---  ---  ---  ---  ---  ---  ---  ---  ---  ---  ---  ---  ---  ---  ---  ---  ---
    1950 1999    0    .16  .17 -.22  .24  .16 -.09  .15  .29 -.06 -.16  .32*-.16 -.33 -.05 -.02 -.22  .00 -.12 -.05  .08  .18

 [B] Entire series, effect on correlation ( 0.554) is:
       Lower   1997<-0.033   1985>-0.027   1951<-0.015   1929<-0.015   1960>-0.014   1964>-0.011  Higher   1939 0.026   1922 0.020
     1950 to 1999 segment:
       Lower   1997<-0.067   1985>-0.035   1960>-0.033   1951<-0.031   1964>-0.027   1957<-0.013  Higher   1984 0.044   1967 0.027

 [E] Outliers     1   3.0 SD above or -4.5 SD below mean for year
       1985 +4.8 SD
====================================================================================================================================

 SEH007A1  1906 to  2018     113 years                                                                                    Series   3

 [B] Entire series, effect on correlation ( 0.576) is:
       Lower   1984>-0.032   2010>-0.017   1945>-0.015   1918>-0.014   1944>-0.011   1989<-0.011  Higher   1987 0.019   1910 0.017

====================================================================================================================================

 SEH007B1  1888 to  2018     131 years                                                                                    Series   4

 [B] Entire series, effect on correlation ( 0.522) is:
       Lower   1897>-0.027   1977>-0.022   1914<-0.021   1978<-0.021   1888<-0.020   1969<-0.016  Higher   2018 0.019   1910 0.018

 [E] Outliers     3   3.0 SD above or -4.5 SD below mean for year
       1897 +3.2 SD;    1955 +3.3 SD;    1977 +3.1 SD
====================================================================================================================================

 SEH008A1  1768 to  2018     251 years                                                                                    Series   5

 [*] Early part of series cannot be checked from 1768 to 1775 -- not matched by another series

 [A] Segment   High   -10   -9   -8   -7   -6   -5   -4   -3   -2   -1    0   +1   +2   +3   +4   +5   +6   +7   +8   +9  +10
    ---------  ----   ---  ---  ---  ---  ---  ---  ---  ---  ---  ---  ---  ---  ---  ---  ---  ---  ---  ---  ---  ---  ---
    1776 1825    4      -    -  .05 -.06  .13  .16 -.14 -.16  .11 -.12  .10|-.03 -.05 -.12  .23* .09  .16  .05  .02 -.02 -.03
    - - - - - - - - - - - - - - - - - - - - - - - - - - - - - - - - - - - - - - - - - - - - - - - - - - - - - - - - - - - - -
    1925 1974   -4    .04 -.20 -.11 -.04 -.25 -.13  .36* .21  .09  .35  .36|-.10 -.12  .07 -.39 -.39 -.09  .04 -.03  .00  .28

 [B] Entire series, effect on correlation ( 0.401) is:
       Lower   1781<-0.022   1805>-0.014   1800<-0.013   1787<-0.009   1850<-0.008   1865<-0.008  Higher   1812 0.020   1997 0.010
     1776 to 1825 segment:
       Lower   1781<-0.054   1805>-0.045   1800<-0.038   1787<-0.028   1807<-0.022   1808>-0.019  Higher   1812 0.134   1791 0.060
     1925 to 1974 segment:
       Lower   1951<-0.033   1943>-0.026   1946<-0.022   1928<-0.021   1942>-0.018   1973>-0.018  Higher   1939 0.047   1972 0.034

 [C] Year-to-year changes diverging by over 4.0 std deviations:
       1780 1781  -4.4 SD

 [D]    1 Absent rings:  Year   Master  N series Absent
                         1803   -1.373       4       1
                                                        Present in series    6  SEH008B1 time span  1799 to  2018
                                                        Present in series   21  SEH074A1 time span  1776 to  2018
                                                        Present in series   22  SEH074B1 time span  1782 to  2018

 [E] Outliers     4   3.0 SD above or -4.5 SD below mean for year
       1794 +3.5 SD;    1805 +3.7 SD;    1973 +3.1 SD;    1991 +3.2 SD
====================================================================================================================================

 SEH008B1  1799 to  2018     220 years                                                                                    Series   6

 [A] Segment   High   -10   -9   -8   -7   -6   -5   -4   -3   -2   -1    0   +1   +2   +3   +4   +5   +6   +7   +8   +9  +10
    ---------  ----   ---  ---  ---  ---  ---  ---  ---  ---  ---  ---  ---  ---  ---  ---  ---  ---  ---  ---  ---  ---  ---
    1825 1874    0   -.15 -.06 -.10  .14  .11  .07  .06 -.14  .05 -.26  .23*-.21  .13 -.05  .18 -.06 -.08  .00  .14  .10  .00

 [B] Entire series, effect on correlation ( 0.496) is:
       Lower   1940<-0.018   1825>-0.011   1857>-0.010   1931>-0.010   1843>-0.009   1836<-0.009  Higher   1812 0.022   1997 0.012
     1825 to 1874 segment:
       Lower   1857>-0.034   1836<-0.034   1825>-0.032   1843>-0.027   1844>-0.023   1837<-0.022  Higher   1853 0.041   1828 0.038

 [D]    1 Absent rings:  Year   Master  N series Absent
                         1853   -0.709       6       1

 [E] Outliers     2   3.0 SD above or -4.5 SD below mean for year
       1871 +3.5 SD;    1955 +3.5 SD
====================================================================================================================================

 SEH022A1  1945 to  2018      74 years                                                                                    Series   7

 [B] Entire series, effect on correlation ( 0.624) is:
       Lower   1989<-0.033   1955<-0.022   2001<-0.018   1980>-0.015   2002>-0.010   1995<-0.010  Higher   2006 0.026   2018 0.016

====================================================================================================================================

 SEH022B1  1933 to  2018      86 years                                                                                    Series   8

 [B] Entire series, effect on correlation ( 0.784) is:
       Lower   1942>-0.018   1953<-0.010   2000<-0.007   1993>-0.007   1960>-0.007   1933>-0.006  Higher   1997 0.016   1984 0.011

====================================================================================================================================

 SEH024A1  1805 to  2018     214 years                                                                                    Series   9

 [A] Segment   High   -10   -9   -8   -7   -6   -5   -4   -3   -2   -1    0   +1   +2   +3   +4   +5   +6   +7   +8   +9  +10
    ---------  ----   ---  ---  ---  ---  ---  ---  ---  ---  ---  ---  ---  ---  ---  ---  ---  ---  ---  ---  ---  ---  ---
    1805 1854    0    .17  .13 -.32 -.06  .19  .11 -.05 -.13  .11 -.07  .31*-.04 -.15 -.02 -.20  .11  .15 -.03 -.06 -.09  .02

 [B] Entire series, effect on correlation ( 0.574) is:
       Lower   1842>-0.015   1808<-0.013   1830>-0.009   2017<-0.009   1834>-0.008   1928<-0.008  Higher   2006 0.013   1997 0.012
     1805 to 1854 segment:
       Lower   1842>-0.051   1808<-0.039   1830>-0.028   1834>-0.028   1821>-0.024   1807>-0.023  Higher   1812 0.085   1828 0.041

 [E] Outliers     1   3.0 SD above or -4.5 SD below mean for year
       1856 +3.2 SD
====================================================================================================================================

 SEH024B1  1820 to  2018     199 years                                                                                    Series  10

 [B] Entire series, effect on correlation ( 0.571) is:
       Lower   1847>-0.013   1899<-0.011   1928<-0.010   1821>-0.009   1829<-0.009   1907>-0.009  Higher   1997 0.016   2006 0.011

====================================================================================================================================

 SEH027A1  1889 to  2018     130 years                                                                                    Series  11

 [A] Segment   High   -10   -9   -8   -7   -6   -5   -4   -3   -2   -1    0   +1   +2   +3   +4   +5   +6   +7   +8   +9  +10
    ---------  ----   ---  ---  ---  ---  ---  ---  ---  ---  ---  ---  ---  ---  ---  ---  ---  ---  ---  ---  ---  ---  ---
    1889 1938    0   -.11 -.06 -.09  .12  .14  .17 -.09  .02 -.05 -.17  .27* .01 -.12  .01 -.03 -.08  .11  .18  .09 -.11 -.25
    - - - - - - - - - - - - - - - - - - - - - - - - - - - - - - - - - - - - - - - - - - - - - - - - - - - - - - - - - - - - -
    1925 1974    0    .18  .12 -.35 -.09 -.11 -.18  .07  .06 -.13 -.13  .27*-.03  .00 -.07  .02  .08  .05  .17  .11 -.08 -.26
    1950 1999    8    .12  .17 -.10  .05 -.01 -.27 -.03 -.04 -.21 -.26  .21|-.12 -.09  .07 -.07  .03  .14  .24  .26* .11  .20

 [B] Entire series, effect on correlation ( 0.361) is:
       Lower   1967>-0.040   1914<-0.031   1892<-0.026   1895>-0.022   1982<-0.018   1891>-0.013  Higher   1922 0.030   1997 0.022
     1889 to 1938 segment:
       Lower   1914<-0.077   1892<-0.064   1895>-0.049   1891>-0.029   1902<-0.022   1907>-0.014  Higher   1922 0.096   1910 0.021
     1925 to 1974 segment:
       Lower   1967>-0.120   1964>-0.028   1958<-0.028   1957<-0.017   1969<-0.016   1946<-0.013  Higher   1939 0.064   1945 0.040
     1950 to 1999 segment:
       Lower   1967>-0.113   1982<-0.048   1988>-0.029   1964>-0.027   1958<-0.024   1990>-0.024  Higher   1997 0.083   1984 0.075

 [E] Outliers     3   3.0 SD above or -4.5 SD below mean for year
       1895 +3.5 SD;    1967 +4.5 SD;    1990 +3.3 SD
====================================================================================================================================

 SEH027B1  1896 to  2018     123 years                                                                                    Series  12

 [A] Segment   High   -10   -9   -8   -7   -6   -5   -4   -3   -2   -1    0   +1   +2   +3   +4   +5   +6   +7   +8   +9  +10
    ---------  ----   ---  ---  ---  ---  ---  ---  ---  ---  ---  ---  ---  ---  ---  ---  ---  ---  ---  ---  ---  ---  ---
    1950 1999   -6    .05  .22 -.12  .03  .22*-.21  .07 -.02 -.13 -.40  .20|-.20 -.02 -.02  .07 -.07  .11 -.07  .17  .02  .05

 [B] Entire series, effect on correlation ( 0.427) is:
       Lower   1967>-0.046   1987>-0.023   2004<-0.017   1902<-0.013   1958<-0.013   1975<-0.012  Higher   1922 0.026   2006 0.021
     1950 to 1999 segment:
       Lower   1967>-0.109   1987>-0.049   1958<-0.029   1975<-0.028   1979<-0.018   1968>-0.014  Higher   1997 0.067   1977 0.063

 [E] Outliers     3   3.0 SD above or -4.5 SD below mean for year
       1967 +4.2 SD;    1968 +3.2 SD;    1987 +3.6 SD
====================================================================================================================================

 SEH056A1  1902 to  2018     117 years                                                                                    Series  13

 [A] Segment   High   -10   -9   -8   -7   -6   -5   -4   -3   -2   -1    0   +1   +2   +3   +4   +5   +6   +7   +8   +9  +10
    ---------  ----   ---  ---  ---  ---  ---  ---  ---  ---  ---  ---  ---  ---  ---  ---  ---  ---  ---  ---  ---  ---  ---
    1950 1999    0    .04  .01 -.05  .02  .06  .21 -.05 -.09  .02  .00  .23* .11  .06  .04  .09 -.04 -.03 -.13 -.22 -.13 -.10

 [B] Entire series, effect on correlation ( 0.536) is:
       Lower   1972<-0.028   1968>-0.018   1988>-0.016   1958<-0.014   1956>-0.013   2003<-0.012  Higher   1922 0.030   1940 0.017
     1950 to 1999 segment:
       Lower   1972<-0.063   1968>-0.037   1988>-0.034   1958<-0.031   1956>-0.027   1970>-0.022  Higher   1997 0.053   1987 0.050

 [E] Outliers     1   3.0 SD above or -4.5 SD below mean for year
       1968 +3.2 SD
====================================================================================================================================

 SEH056B1  1905 to  2018     114 years                                                                                    Series  14

 [B] Entire series, effect on correlation ( 0.583) is:
       Lower   1921>-0.027   1972<-0.027   1923<-0.020   1911>-0.020   1962>-0.011   1969<-0.008  Higher   1922 0.031   1910 0.019

 [E] Outliers     1   3.0 SD above or -4.5 SD below mean for year
       1922 +3.4 SD
====================================================================================================================================

 SEH061A1  1913 to  2018     106 years                                                                                    Series  15

 [B] Entire series, effect on correlation ( 0.615) is:
       Lower   2011>-0.021   1956>-0.016   1914<-0.016   1951<-0.011   1921>-0.010   1930>-0.009  Higher   1997 0.022   1984 0.017

====================================================================================================================================

 SEH061B1  1878 to  2018     141 years                                                                                    Series  16

 [B] Entire series, effect on correlation ( 0.659) is:
       Lower   1878>-0.015   1921>-0.012   1881>-0.012   1922<-0.010   1888<-0.009   1906<-0.009  Higher   1997 0.016   2006 0.010

====================================================================================================================================

 SEH067A1  1872 to  2018     147 years                                                                                    Series  17

 [B] Entire series, effect on correlation ( 0.567) is:
       Lower   1891>-0.019   1884>-0.013   1944>-0.013   1908<-0.012   1917>-0.011   1967>-0.010  Higher   1997 0.017   1895 0.016

====================================================================================================================================

 SEH067B1  1894 to  2018     125 years                                                                                    Series  18

 [B] Entire series, effect on correlation ( 0.558) is:
       Lower   1958<-0.015   1962>-0.012   1997<-0.010   1992>-0.010   1897>-0.010   1919<-0.008  Higher   1895 0.022   1987 0.014

 [E] Outliers     1   3.0 SD above or -4.5 SD below mean for year
       1978 +3.0 SD
====================================================================================================================================

 SEH072A1  1865 to  2018     154 years                                                                                    Series  19

 [B] Entire series, effect on correlation ( 0.578) is:
       Lower   1897>-0.025   1872<-0.013   1888<-0.011   1949>-0.011   1956>-0.009   1973<-0.008  Higher   1922 0.014   1910 0.012

 [E] Outliers     2   3.0 SD above or -4.5 SD below mean for year
       1897 +3.2 SD;    1898 +3.4 SD
====================================================================================================================================

 SEH072B1  1899 to  2018     120 years                                                                                    Series  20

 [B] Entire series, effect on correlation ( 0.618) is:
       Lower   1957<-0.017   1932<-0.014   1989<-0.009   1910>-0.009   1935<-0.008   2018>-0.008  Higher   1984 0.014   1977 0.013

====================================================================================================================================

 SEH074A1  1776 to  2018     243 years                                                                                    Series  21

 [B] Entire series, effect on correlation ( 0.509) is:
       Lower   1781>-0.018   1997<-0.013   1864>-0.012   1779<-0.009   1783<-0.009   1828<-0.008  Higher   1791 0.012   1812 0.011

 [E] Outliers     1   3.0 SD above or -4.5 SD below mean for year
       1781 +3.5 SD
====================================================================================================================================

 SEH074B1  1782 to  2018     237 years                                                                                    Series  22

 [B] Entire series, effect on correlation ( 0.555) is:
       Lower   1871<-0.017   1822>-0.011   1922<-0.009   1789<-0.008   1864>-0.007   1927>-0.007  Higher   1791 0.010   1895 0.008

 [E] Outliers     1   3.0 SD above or -4.5 SD below mean for year
       1822 +3.2 SD
====================================================================================================================================

 SEH075A1  1913 to  2018     106 years                                                                                    Series  23

 [B] Entire series, effect on correlation ( 0.524) is:
       Lower   2014<-0.026   2004>-0.023   1985<-0.018   1933>-0.015   1969<-0.014   1915>-0.012  Higher   1997 0.024   1922 0.018

 [E] Outliers     1   3.0 SD above or -4.5 SD below mean for year
       2004 +4.0 SD
====================================================================================================================================

 SEH075B1  1902 to  2018     117 years                                                                                    Series  24

 [B] Entire series, effect on correlation ( 0.650) is:
       Lower   1909>-0.020   1985<-0.017   1974>-0.015   1906<-0.013   1920<-0.010   1932<-0.010  Higher   1997 0.020   1939 0.013

====================================================================================================================================
PART 7:  DESCRIPTIVE STATISTICS:                                                                   14:03  Wed 15 Aug 2018  Page   6
------------------------------------------------------------------------------------------------------------------------------------

                                                Corr   //-------- Unfiltered --------\\  //---- Filtered -----\\
                           No.    No.    No.    with   Mean   Max     Std   Auto   Mean   Max     Std   Auto  AR
 Seq Series   Interval   Years  Segmt  Flags   Master  msmt   msmt    dev   corr   sens  value    dev   corr  ()
 --- -------- ---------  -----  -----  -----   ------ -----  -----  -----  -----  -----  -----  -----  -----  --
   1 SEH006A1 1902 2018    117      4      0   0.523   0.71   2.28  0.480  0.705  0.345   0.96  0.419  0.016   1
   2 SEH006B1 1906 2018    113      4      1   0.554   0.70   2.77  0.489  0.523  0.396   1.93  0.504 -0.012   1
   3 SEH007A1 1906 2018    113      4      0   0.576   1.13   2.92  0.448  0.611  0.282   0.98  0.330  0.028   1
   4 SEH007B1 1888 2018    131      5      0   0.522   0.77   2.23  0.417  0.655  0.312   1.56  0.443  0.002   1
   5 SEH008A1 1768 2018    251      9      2   0.401   0.63   2.35  0.437  0.783  0.431   1.47  0.500  0.023   1
   6 SEH008B1 1799 2018    220      9      1   0.496   0.74   3.12  0.671  0.894  0.399   1.77  0.481 -0.029   1
   7 SEH022A1 1945 2018     74      3      0   0.624   1.51   4.05  0.979  0.777  0.336   1.14  0.418  0.031   2
   8 SEH022B1 1933 2018     86      3      0   0.784   0.85   2.31  0.504  0.744  0.388   1.03  0.423  0.030   1
   9 SEH024A1 1805 2018    214      8      1   0.574   0.86   3.35  0.644  0.793  0.390   1.38  0.460  0.003   1
  10 SEH024B1 1820 2018    199      8      0   0.571   1.04   2.98  0.679  0.837  0.341   1.41  0.409  0.005   1
  11 SEH027A1 1889 2018    130      5      3   0.361   1.16   2.49  0.526  0.702  0.311   0.89  0.379  0.002   1
  12 SEH027B1 1896 2018    123      5      1   0.427   1.16   2.78  0.548  0.703  0.285   0.90  0.384 -0.020   1
  13 SEH056A1 1902 2018    117      4      1   0.536   1.15   4.52  0.731  0.565  0.479   1.72  0.609 -0.002   1
  14 SEH056B1 1905 2018    114      4      0   0.583   1.30   4.20  0.829  0.779  0.391   2.00  0.521  0.016   1
  15 SEH061A1 1913 2018    106      4      0   0.615   1.45   3.88  0.995  0.868  0.401   1.22  0.492  0.026   1
  16 SEH061B1 1878 2018    141      5      0   0.659   1.28   3.37  0.689  0.724  0.386   1.31  0.465  0.028   1
  17 SEH067A1 1872 2018    147      6      0   0.567   0.81   2.60  0.602  0.773  0.436   1.48  0.517  0.003   2
  18 SEH067B1 1894 2018    125      5      0   0.558   0.83   2.30  0.482  0.570  0.445   1.26  0.504  0.007   1
  19 SEH072A1 1865 2018    154      6      0   0.578   0.83   2.13  0.424  0.646  0.378   1.03  0.431  0.018   1
  20 SEH072B1 1899 2018    120      5      0   0.618   1.30   3.34  0.731  0.763  0.351   1.22  0.515 -0.040   1
  21 SEH074A1 1776 2018    243      9      0   0.509   0.82   2.07  0.427  0.581  0.437   1.40  0.475  0.004   2
  22 SEH074B1 1782 2018    237      9      0   0.555   0.81   2.26  0.474  0.701  0.436   1.14  0.470  0.012   1
  23 SEH075A1 1913 2018    106      4      0   0.524   0.50   1.97  0.440  0.824  0.380   1.69  0.495  0.010   1
  24 SEH075B1 1902 2018    117      4      0   0.650   0.53   1.91  0.402  0.721  0.398   1.43  0.510  0.021   1
 --- -------- ---------  -----  -----  -----   ------ -----  -----  -----  -----  -----  -----  -----  -----  --
 Total or mean:           3498    132     10   0.546   0.92   4.52  0.570  0.723  0.387   2.00  0.466  0.006

                                              - = [  COFECHA CHK06COF  ] = -
